<!DOCTYPE html>
<html>
<head>
<meta http-equiv="Content-Type" content="text/html; charset=utf-8"/>
<meta http-equiv="x-ua-compatible" content="IE=edge"/>
<title>Test results - Class org.nljug.pbt.EuroPropertyBasedTest</title>
<link href="../css/base-style.css" rel="stylesheet" type="text/css"/>
<link href="../css/style.css" rel="stylesheet" type="text/css"/>
<script src="../js/report.js" type="text/javascript"></script>
</head>
<body>
<div id="content">
<h1>Class org.nljug.pbt.EuroPropertyBasedTest</h1>
<div class="breadcrumbs">
<a href="../index.html">all</a> &gt; 
<a href="../packages/org.nljug.pbt.html">org.nljug.pbt</a> &gt; EuroPropertyBasedTest</div>
<div id="summary">
<table>
<tr>
<td>
<div class="summaryGroup">
<table>
<tr>
<td>
<div class="infoBox" id="tests">
<div class="counter">3</div>
<p>tests</p>
</div>
</td>
<td>
<div class="infoBox" id="failures">
<div class="counter">3</div>
<p>failures</p>
</div>
</td>
<td>
<div class="infoBox" id="ignored">
<div class="counter">0</div>
<p>ignored</p>
</div>
</td>
<td>
<div class="infoBox" id="duration">
<div class="counter">0.220s</div>
<p>duration</p>
</div>
</td>
</tr>
</table>
</div>
</td>
<td>
<div class="infoBox failures" id="successRate">
<div class="percent">0%</div>
<p>successful</p>
</div>
</td>
</tr>
</table>
</div>
<div id="tabs">
<ul class="tabLinks">
<li>
<a href="#tab0">Failed tests</a>
</li>
<li>
<a href="#tab1">Tests</a>
</li>
<li>
<a href="#tab2">Standard output</a>
</li>
</ul>
<div id="tab0" class="tab">
<h2>Failed tests</h2>
<div class="test">
<a name="Sum of Euros is equal to the separate Euros"></a>
<h3 class="failures">Sum of Euros is equal to the separate Euros</h3>
<span class="code">
<pre>java.lang.AssertionError: Property failed after 1 attempts

	Arg 0: 1 (shrunk from 2114472374)
	Arg 1: 2 (shrunk from 465781412)

Repeat this test by using seed -4620199351060693064

Caused by: 1 should be equal to 2
	at org.nljug.pbt.EuroPropertyBasedTest$1$1.invokeSuspend(EuroPropertyBasedTest.kt:16)
	at org.nljug.pbt.EuroPropertyBasedTest$1$1.invoke(EuroPropertyBasedTest.kt)
	at org.nljug.pbt.EuroPropertyBasedTest$1$1.invoke(EuroPropertyBasedTest.kt)
	at io.kotest.core.spec.style.scopes.StringSpecRootScope$invoke$1.invokeSuspend(StringSpecRootScope.kt:72)
	at io.kotest.core.spec.style.scopes.StringSpecRootScope$invoke$1.invoke(StringSpecRootScope.kt)
	at io.kotest.core.spec.style.scopes.StringSpecRootScope$invoke$1.invoke(StringSpecRootScope.kt)
	at io.kotest.core.spec.style.scopes.RootScopeKt$addTest$1.invokeSuspend(RootScope.kt:36)
	at io.kotest.core.spec.style.scopes.RootScopeKt$addTest$1.invoke(RootScope.kt)
	at io.kotest.core.spec.style.scopes.RootScopeKt$addTest$1.invoke(RootScope.kt)
	at io.kotest.engine.test.TestCaseExecutor$execute$innerExecute$1.invokeSuspend(TestCaseExecutor.kt:77)
	at io.kotest.engine.test.TestCaseExecutor$execute$innerExecute$1.invoke(TestCaseExecutor.kt)
	at io.kotest.engine.test.TestCaseExecutor$execute$innerExecute$1.invoke(TestCaseExecutor.kt)
	at io.kotest.engine.test.interceptors.CoroutineDebugProbeInterceptor.intercept(CoroutineDebugProbeInterceptor.kt:29)
	at io.kotest.engine.test.TestCaseExecutor$execute$2$1.invokeSuspend(TestCaseExecutor.kt:86)
	at io.kotest.engine.test.TestCaseExecutor$execute$2$1.invoke(TestCaseExecutor.kt)
	at io.kotest.engine.test.TestCaseExecutor$execute$2$1.invoke(TestCaseExecutor.kt)
	at io.kotest.engine.test.interceptors.InvocationTimeoutInterceptor$intercept$3.invokeSuspend(InvocationTimeoutInterceptor.kt:43)
	at io.kotest.engine.test.interceptors.InvocationTimeoutInterceptor$intercept$3.invoke(InvocationTimeoutInterceptor.kt)
	at io.kotest.engine.test.interceptors.InvocationTimeoutInterceptor$intercept$3.invoke(InvocationTimeoutInterceptor.kt)
	at kotlinx.coroutines.intrinsics.UndispatchedKt.startUndispatchedOrReturnIgnoreTimeout(Undispatched.kt:100)
	at kotlinx.coroutines.TimeoutKt.setupTimeout(Timeout.kt:146)
	at kotlinx.coroutines.TimeoutKt.withTimeoutOrNull(Timeout.kt:103)
	at io.kotest.engine.test.interceptors.InvocationTimeoutInterceptor.intercept(InvocationTimeoutInterceptor.kt:42)
	at io.kotest.engine.test.TestCaseExecutor$execute$2$1.invokeSuspend(TestCaseExecutor.kt:86)
	at io.kotest.engine.test.TestCaseExecutor$execute$2$1.invoke(TestCaseExecutor.kt)
	at io.kotest.engine.test.TestCaseExecutor$execute$2$1.invoke(TestCaseExecutor.kt)
	at io.kotest.engine.test.TestInvocationInterceptor$intercept$2$3.invokeSuspend(TestInvocationInterceptor.kt:36)
	at io.kotest.engine.test.TestInvocationInterceptor$intercept$2$3.invoke(TestInvocationInterceptor.kt)
	at io.kotest.engine.test.TestInvocationInterceptor$intercept$2$3.invoke(TestInvocationInterceptor.kt)
	at io.kotest.mpp.ReplayKt.replay(replay.kt:18)
	at io.kotest.engine.test.TestInvocationInterceptor$intercept$2.invokeSuspend(TestInvocationInterceptor.kt:31)
	at io.kotest.engine.test.TestInvocationInterceptor$intercept$2.invoke(TestInvocationInterceptor.kt)
	at io.kotest.engine.test.TestInvocationInterceptor$intercept$2.invoke(TestInvocationInterceptor.kt)
	at kotlinx.coroutines.intrinsics.UndispatchedKt.startUndispatchedOrReturn(Undispatched.kt:89)
	at kotlinx.coroutines.CoroutineScopeKt.coroutineScope(CoroutineScope.kt:264)
	at io.kotest.engine.test.TestInvocationInterceptor.intercept(TestInvocationInterceptor.kt:30)
	at io.kotest.engine.test.TestCaseExecutor$execute$2$1.invokeSuspend(TestCaseExecutor.kt:86)
	at io.kotest.engine.test.TestCaseExecutor$execute$2$1.invoke(TestCaseExecutor.kt)
	at io.kotest.engine.test.TestCaseExecutor$execute$2$1.invoke(TestCaseExecutor.kt)
	at io.kotest.engine.test.interceptors.TimeoutInterceptor.intercept(TimeoutInterceptor.kt:33)
	at io.kotest.engine.test.TestCaseExecutor$execute$2$1.invokeSuspend(TestCaseExecutor.kt:86)
	at io.kotest.engine.test.TestCaseExecutor$execute$2$1.invoke(TestCaseExecutor.kt)
	at io.kotest.engine.test.TestCaseExecutor$execute$2$1.invoke(TestCaseExecutor.kt)
	at io.kotest.engine.test.interceptors.BlockedThreadTimeoutInterceptor.intercept(BlockedThreadTimeoutInterceptor.kt:74)
	at io.kotest.engine.test.TestCaseExecutor$execute$2$1.invokeSuspend(TestCaseExecutor.kt:86)
	at io.kotest.engine.test.TestCaseExecutor$execute$2$1.invoke(TestCaseExecutor.kt)
	at io.kotest.engine.test.TestCaseExecutor$execute$2$1.invoke(TestCaseExecutor.kt)
	at io.kotest.engine.test.interceptors.CoroutineLoggingInterceptor.intercept(CoroutineLoggingInterceptor.kt:30)
	at io.kotest.engine.test.TestCaseExecutor$execute$2$1.invokeSuspend(TestCaseExecutor.kt:86)
	at io.kotest.engine.test.TestCaseExecutor$execute$2$1.invoke(TestCaseExecutor.kt)
	at io.kotest.engine.test.TestCaseExecutor$execute$2$1.invoke(TestCaseExecutor.kt)
	at io.kotest.engine.test.interceptors.SoftAssertInterceptor.intercept(SoftAssertInterceptor.kt:27)
	at io.kotest.engine.test.TestCaseExecutor$execute$2$1.invokeSuspend(TestCaseExecutor.kt:86)
	at io.kotest.engine.test.TestCaseExecutor$execute$2$1.invoke(TestCaseExecutor.kt)
	at io.kotest.engine.test.TestCaseExecutor$execute$2$1.invoke(TestCaseExecutor.kt)
	at io.kotest.engine.test.interceptors.AssertionModeInterceptor.intercept(AssertionModeInterceptor.kt:25)
	at io.kotest.engine.test.TestCaseExecutor$execute$2$1.invokeSuspend(TestCaseExecutor.kt:86)
	at io.kotest.engine.test.TestCaseExecutor$execute$2$1.invoke(TestCaseExecutor.kt)
	at io.kotest.engine.test.TestCaseExecutor$execute$2$1.invoke(TestCaseExecutor.kt)
	at io.kotest.engine.test.interceptors.LifecycleInterceptor.intercept(LifecycleInterceptor.kt:51)
	at io.kotest.engine.test.TestCaseExecutor$execute$2$1.invokeSuspend(TestCaseExecutor.kt:86)
	at io.kotest.engine.test.TestCaseExecutor$execute$2$1.invoke(TestCaseExecutor.kt)
	at io.kotest.engine.test.TestCaseExecutor$execute$2$1.invoke(TestCaseExecutor.kt)
	at io.kotest.engine.test.interceptors.EnabledCheckInterceptor.intercept(EnabledCheckInterceptor.kt:31)
	at io.kotest.engine.test.TestCaseExecutor$execute$2$1.invokeSuspend(TestCaseExecutor.kt:86)
	at io.kotest.engine.test.TestCaseExecutor$execute$2$1.invoke(TestCaseExecutor.kt)
	at io.kotest.engine.test.TestCaseExecutor$execute$2$1.invoke(TestCaseExecutor.kt)
	at io.kotest.engine.test.interceptors.TestCaseExtensionInterceptor$intercept$2.invokeSuspend(TestCaseExtensionInterceptor.kt:24)
	at io.kotest.engine.test.interceptors.TestCaseExtensionInterceptor$intercept$2.invoke(TestCaseExtensionInterceptor.kt)
	at io.kotest.engine.test.interceptors.TestCaseExtensionInterceptor$intercept$2.invoke(TestCaseExtensionInterceptor.kt)
	at io.kotest.engine.test.TestExtensions.intercept(TestExtensions.kt:154)
	at io.kotest.engine.test.interceptors.TestCaseExtensionInterceptor.intercept(TestCaseExtensionInterceptor.kt:24)
	at io.kotest.engine.test.TestCaseExecutor$execute$2$1.invokeSuspend(TestCaseExecutor.kt:86)
	at io.kotest.engine.test.TestCaseExecutor$execute$2$1.invoke(TestCaseExecutor.kt)
	at io.kotest.engine.test.TestCaseExecutor$execute$2$1.invoke(TestCaseExecutor.kt)
	at io.kotest.engine.test.interceptors.CoroutineErrorCollectorInterceptor$intercept$3.invokeSuspend(CoroutineErrorCollectorInterceptor.kt:28)
	at io.kotest.engine.test.interceptors.CoroutineErrorCollectorInterceptor$intercept$3.invoke(CoroutineErrorCollectorInterceptor.kt)
	at io.kotest.engine.test.interceptors.CoroutineErrorCollectorInterceptor$intercept$3.invoke(CoroutineErrorCollectorInterceptor.kt)
	at kotlinx.coroutines.intrinsics.UndispatchedKt.startUndispatchedOrReturn(Undispatched.kt:89)
	at kotlinx.coroutines.BuildersKt__Builders_commonKt.withContext(Builders.common.kt:166)
	at kotlinx.coroutines.BuildersKt.withContext(Unknown Source)
	at io.kotest.engine.test.interceptors.CoroutineErrorCollectorInterceptor.intercept(CoroutineErrorCollectorInterceptor.kt:27)
	at io.kotest.engine.test.TestCaseExecutor$execute$2$1.invokeSuspend(TestCaseExecutor.kt:86)
	at io.kotest.engine.test.TestCaseExecutor$execute$2$1.invoke(TestCaseExecutor.kt)
	at io.kotest.engine.test.TestCaseExecutor$execute$2$1.invoke(TestCaseExecutor.kt)
	at io.kotest.engine.test.interceptors.CoroutineDispatcherFactoryInterceptor$intercept$4.invokeSuspend(coroutineDispatcherFactoryInterceptor.kt:57)
	at io.kotest.engine.test.interceptors.CoroutineDispatcherFactoryInterceptor$intercept$4.invoke(coroutineDispatcherFactoryInterceptor.kt)
	at io.kotest.engine.test.interceptors.CoroutineDispatcherFactoryInterceptor$intercept$4.invoke(coroutineDispatcherFactoryInterceptor.kt)
	at io.kotest.engine.concurrency.FixedThreadCoroutineDispatcherFactory$withDispatcher$4.invokeSuspend(FixedThreadCoroutineDispatcherFactory.kt:53)
	at ???(Coroutine boundary.?(?)
	at kotlinx.coroutines.TimeoutKt.withTimeoutOrNull(Timeout.kt:100)
	at io.kotest.engine.test.interceptors.InvocationTimeoutInterceptor.intercept(InvocationTimeoutInterceptor.kt:42)
	at io.kotest.engine.test.TestCaseExecutor$execute$2$1.invokeSuspend(TestCaseExecutor.kt:86)
	at io.kotest.engine.test.TestInvocationInterceptor$intercept$2$3.invokeSuspend(TestInvocationInterceptor.kt:36)
	at io.kotest.mpp.ReplayKt.replay(replay.kt:18)
	at io.kotest.engine.test.TestInvocationInterceptor$intercept$2.invokeSuspend(TestInvocationInterceptor.kt:31)
	at io.kotest.engine.test.TestInvocationInterceptor.intercept(TestInvocationInterceptor.kt:30)
	at io.kotest.engine.test.TestCaseExecutor$execute$2$1.invokeSuspend(TestCaseExecutor.kt:86)
	at io.kotest.engine.test.interceptors.TimeoutInterceptor.intercept(TimeoutInterceptor.kt:33)
	at io.kotest.engine.test.TestCaseExecutor$execute$2$1.invokeSuspend(TestCaseExecutor.kt:86)
	at io.kotest.engine.test.interceptors.BlockedThreadTimeoutInterceptor.intercept(BlockedThreadTimeoutInterceptor.kt:74)
	at io.kotest.engine.test.TestCaseExecutor$execute$2$1.invokeSuspend(TestCaseExecutor.kt:86)
	at io.kotest.engine.test.interceptors.CoroutineLoggingInterceptor.intercept(CoroutineLoggingInterceptor.kt:30)
	at io.kotest.engine.test.TestCaseExecutor$execute$2$1.invokeSuspend(TestCaseExecutor.kt:86)
	at io.kotest.engine.test.interceptors.SoftAssertInterceptor.intercept(SoftAssertInterceptor.kt:27)
	at io.kotest.engine.test.TestCaseExecutor$execute$2$1.invokeSuspend(TestCaseExecutor.kt:86)
	at io.kotest.engine.test.interceptors.AssertionModeInterceptor.intercept(AssertionModeInterceptor.kt:25)
	at io.kotest.engine.test.TestCaseExecutor$execute$2$1.invokeSuspend(TestCaseExecutor.kt:86)
	at io.kotest.engine.test.interceptors.LifecycleInterceptor.intercept(LifecycleInterceptor.kt:51)
	at io.kotest.engine.test.TestCaseExecutor$execute$2$1.invokeSuspend(TestCaseExecutor.kt:86)
	at io.kotest.engine.test.interceptors.EnabledCheckInterceptor.intercept(EnabledCheckInterceptor.kt:31)
	at io.kotest.engine.test.TestCaseExecutor$execute$2$1.invokeSuspend(TestCaseExecutor.kt:86)
	at io.kotest.engine.test.interceptors.TestCaseExtensionInterceptor$intercept$2.invokeSuspend(TestCaseExtensionInterceptor.kt:24)
	at io.kotest.engine.test.TestCaseExecutor$execute$2$1.invokeSuspend(TestCaseExecutor.kt:86)
	at io.kotest.engine.test.interceptors.CoroutineErrorCollectorInterceptor$intercept$3.invokeSuspend(CoroutineErrorCollectorInterceptor.kt:28)
	at io.kotest.engine.test.TestCaseExecutor$execute$2$1.invokeSuspend(TestCaseExecutor.kt:86)
	at io.kotest.engine.test.interceptors.CoroutineDispatcherFactoryInterceptor$intercept$4.invokeSuspend(coroutineDispatcherFactoryInterceptor.kt:57)
	at io.kotest.engine.concurrency.FixedThreadCoroutineDispatcherFactory$withDispatcher$4.invokeSuspend(FixedThreadCoroutineDispatcherFactory.kt:53)
	at io.kotest.engine.test.TestCaseExecutor$execute$2$1.invokeSuspend(TestCaseExecutor.kt:86)
	at io.kotest.engine.test.interceptors.SupervisorScopeInterceptor$intercept$2.invokeSuspend(SupervisorScopeInterceptor.kt:23)
	at io.kotest.engine.test.TestCaseExecutor$execute$2$1.invokeSuspend(TestCaseExecutor.kt:86)
	at io.kotest.engine.test.TestCaseExecutor$execute$2$1.invokeSuspend(TestCaseExecutor.kt:86)
	at io.kotest.engine.test.interceptors.TestFinishedInterceptor.intercept(TestFinishedInterceptor.kt:21)
	at io.kotest.engine.test.TestCaseExecutor$execute$2$1.invokeSuspend(TestCaseExecutor.kt:86)
	at io.kotest.engine.spec.runners.SingleInstanceSpecRunner.runTest(SingleInstanceSpecRunner.kt:121)
	at io.kotest.engine.spec.runners.SingleInstanceSpecRunner$execute$interceptAndRun$2$2.invokeSuspend(SingleInstanceSpecRunner.kt:51)
	at io.kotest.engine.test.scheduler.SequentialTestScheduler$schedule$3$1$1.invokeSuspend(SequentialTestScheduler.kt:20)
Caused by: java.lang.AssertionError: Property failed after 1 attempts

	Arg 0: 1 (shrunk from 2114472374)
	Arg 1: 2 (shrunk from 465781412)

Repeat this test by using seed -4620199351060693064

Caused by: 1 should be equal to 2
	at org.nljug.pbt.EuroPropertyBasedTest$1$1.invokeSuspend(EuroPropertyBasedTest.kt:16)
	at org.nljug.pbt.EuroPropertyBasedTest$1$1.invoke(EuroPropertyBasedTest.kt)
	at org.nljug.pbt.EuroPropertyBasedTest$1$1.invoke(EuroPropertyBasedTest.kt)
	at io.kotest.core.spec.style.scopes.StringSpecRootScope$invoke$1.invokeSuspend(StringSpecRootScope.kt:72)
	at io.kotest.core.spec.style.scopes.StringSpecRootScope$invoke$1.invoke(StringSpecRootScope.kt)
	at io.kotest.core.spec.style.scopes.StringSpecRootScope$invoke$1.invoke(StringSpecRootScope.kt)
	at io.kotest.core.spec.style.scopes.RootScopeKt$addTest$1.invokeSuspend(RootScope.kt:36)
	at io.kotest.core.spec.style.scopes.RootScopeKt$addTest$1.invoke(RootScope.kt)
	at io.kotest.core.spec.style.scopes.RootScopeKt$addTest$1.invoke(RootScope.kt)
	at io.kotest.engine.test.TestCaseExecutor$execute$innerExecute$1.invokeSuspend(TestCaseExecutor.kt:77)
	at io.kotest.engine.test.TestCaseExecutor$execute$innerExecute$1.invoke(TestCaseExecutor.kt)
	at io.kotest.engine.test.TestCaseExecutor$execute$innerExecute$1.invoke(TestCaseExecutor.kt)
	at io.kotest.engine.test.interceptors.CoroutineDebugProbeInterceptor.intercept(CoroutineDebugProbeInterceptor.kt:29)
	at io.kotest.engine.test.TestCaseExecutor$execute$2$1.invokeSuspend(TestCaseExecutor.kt:86)
	at io.kotest.engine.test.TestCaseExecutor$execute$2$1.invoke(TestCaseExecutor.kt)
	at io.kotest.engine.test.TestCaseExecutor$execute$2$1.invoke(TestCaseExecutor.kt)
	at io.kotest.engine.test.interceptors.InvocationTimeoutInterceptor$intercept$3.invokeSuspend(InvocationTimeoutInterceptor.kt:43)
	at io.kotest.engine.test.interceptors.InvocationTimeoutInterceptor$intercept$3.invoke(InvocationTimeoutInterceptor.kt)
	at io.kotest.engine.test.interceptors.InvocationTimeoutInterceptor$intercept$3.invoke(InvocationTimeoutInterceptor.kt)
	at kotlinx.coroutines.intrinsics.UndispatchedKt.startUndispatchedOrReturnIgnoreTimeout(Undispatched.kt:100)
	at kotlinx.coroutines.TimeoutKt.setupTimeout(Timeout.kt:146)
	at kotlinx.coroutines.TimeoutKt.withTimeoutOrNull(Timeout.kt:103)
	at io.kotest.engine.test.interceptors.InvocationTimeoutInterceptor.intercept(InvocationTimeoutInterceptor.kt:42)
	at io.kotest.engine.test.TestCaseExecutor$execute$2$1.invokeSuspend(TestCaseExecutor.kt:86)
	at io.kotest.engine.test.TestCaseExecutor$execute$2$1.invoke(TestCaseExecutor.kt)
	at io.kotest.engine.test.TestCaseExecutor$execute$2$1.invoke(TestCaseExecutor.kt)
	at io.kotest.engine.test.TestInvocationInterceptor$intercept$2$3.invokeSuspend(TestInvocationInterceptor.kt:36)
	at io.kotest.engine.test.TestInvocationInterceptor$intercept$2$3.invoke(TestInvocationInterceptor.kt)
	at io.kotest.engine.test.TestInvocationInterceptor$intercept$2$3.invoke(TestInvocationInterceptor.kt)
	at io.kotest.mpp.ReplayKt.replay(replay.kt:18)
	at io.kotest.engine.test.TestInvocationInterceptor$intercept$2.invokeSuspend(TestInvocationInterceptor.kt:31)
	at io.kotest.engine.test.TestInvocationInterceptor$intercept$2.invoke(TestInvocationInterceptor.kt)
	at io.kotest.engine.test.TestInvocationInterceptor$intercept$2.invoke(TestInvocationInterceptor.kt)
	at kotlinx.coroutines.intrinsics.UndispatchedKt.startUndispatchedOrReturn(Undispatched.kt:89)
	at kotlinx.coroutines.CoroutineScopeKt.coroutineScope(CoroutineScope.kt:264)
	at io.kotest.engine.test.TestInvocationInterceptor.intercept(TestInvocationInterceptor.kt:30)
	at io.kotest.engine.test.TestCaseExecutor$execute$2$1.invokeSuspend(TestCaseExecutor.kt:86)
	at io.kotest.engine.test.TestCaseExecutor$execute$2$1.invoke(TestCaseExecutor.kt)
	at io.kotest.engine.test.TestCaseExecutor$execute$2$1.invoke(TestCaseExecutor.kt)
	at io.kotest.engine.test.interceptors.TimeoutInterceptor.intercept(TimeoutInterceptor.kt:33)
	at io.kotest.engine.test.TestCaseExecutor$execute$2$1.invokeSuspend(TestCaseExecutor.kt:86)
	at io.kotest.engine.test.TestCaseExecutor$execute$2$1.invoke(TestCaseExecutor.kt)
	at io.kotest.engine.test.TestCaseExecutor$execute$2$1.invoke(TestCaseExecutor.kt)
	at io.kotest.engine.test.interceptors.BlockedThreadTimeoutInterceptor.intercept(BlockedThreadTimeoutInterceptor.kt:74)
	at io.kotest.engine.test.TestCaseExecutor$execute$2$1.invokeSuspend(TestCaseExecutor.kt:86)
	at io.kotest.engine.test.TestCaseExecutor$execute$2$1.invoke(TestCaseExecutor.kt)
	at io.kotest.engine.test.TestCaseExecutor$execute$2$1.invoke(TestCaseExecutor.kt)
	at io.kotest.engine.test.interceptors.CoroutineLoggingInterceptor.intercept(CoroutineLoggingInterceptor.kt:30)
	at io.kotest.engine.test.TestCaseExecutor$execute$2$1.invokeSuspend(TestCaseExecutor.kt:86)
	at io.kotest.engine.test.TestCaseExecutor$execute$2$1.invoke(TestCaseExecutor.kt)
	at io.kotest.engine.test.TestCaseExecutor$execute$2$1.invoke(TestCaseExecutor.kt)
	at io.kotest.engine.test.interceptors.SoftAssertInterceptor.intercept(SoftAssertInterceptor.kt:27)
	at io.kotest.engine.test.TestCaseExecutor$execute$2$1.invokeSuspend(TestCaseExecutor.kt:86)
	at io.kotest.engine.test.TestCaseExecutor$execute$2$1.invoke(TestCaseExecutor.kt)
	at io.kotest.engine.test.TestCaseExecutor$execute$2$1.invoke(TestCaseExecutor.kt)
	at io.kotest.engine.test.interceptors.AssertionModeInterceptor.intercept(AssertionModeInterceptor.kt:25)
	at io.kotest.engine.test.TestCaseExecutor$execute$2$1.invokeSuspend(TestCaseExecutor.kt:86)
	at io.kotest.engine.test.TestCaseExecutor$execute$2$1.invoke(TestCaseExecutor.kt)
	at io.kotest.engine.test.TestCaseExecutor$execute$2$1.invoke(TestCaseExecutor.kt)
	at io.kotest.engine.test.interceptors.LifecycleInterceptor.intercept(LifecycleInterceptor.kt:51)
	at io.kotest.engine.test.TestCaseExecutor$execute$2$1.invokeSuspend(TestCaseExecutor.kt:86)
	at io.kotest.engine.test.TestCaseExecutor$execute$2$1.invoke(TestCaseExecutor.kt)
	at io.kotest.engine.test.TestCaseExecutor$execute$2$1.invoke(TestCaseExecutor.kt)
	at io.kotest.engine.test.interceptors.EnabledCheckInterceptor.intercept(EnabledCheckInterceptor.kt:31)
	at io.kotest.engine.test.TestCaseExecutor$execute$2$1.invokeSuspend(TestCaseExecutor.kt:86)
	at io.kotest.engine.test.TestCaseExecutor$execute$2$1.invoke(TestCaseExecutor.kt)
	at io.kotest.engine.test.TestCaseExecutor$execute$2$1.invoke(TestCaseExecutor.kt)
	at io.kotest.engine.test.interceptors.TestCaseExtensionInterceptor$intercept$2.invokeSuspend(TestCaseExtensionInterceptor.kt:24)
	at io.kotest.engine.test.interceptors.TestCaseExtensionInterceptor$intercept$2.invoke(TestCaseExtensionInterceptor.kt)
	at io.kotest.engine.test.interceptors.TestCaseExtensionInterceptor$intercept$2.invoke(TestCaseExtensionInterceptor.kt)
	at io.kotest.engine.test.TestExtensions.intercept(TestExtensions.kt:154)
	at io.kotest.engine.test.interceptors.TestCaseExtensionInterceptor.intercept(TestCaseExtensionInterceptor.kt:24)
	at io.kotest.engine.test.TestCaseExecutor$execute$2$1.invokeSuspend(TestCaseExecutor.kt:86)
	at io.kotest.engine.test.TestCaseExecutor$execute$2$1.invoke(TestCaseExecutor.kt)
	at io.kotest.engine.test.TestCaseExecutor$execute$2$1.invoke(TestCaseExecutor.kt)
	at io.kotest.engine.test.interceptors.CoroutineErrorCollectorInterceptor$intercept$3.invokeSuspend(CoroutineErrorCollectorInterceptor.kt:28)
	at io.kotest.engine.test.interceptors.CoroutineErrorCollectorInterceptor$intercept$3.invoke(CoroutineErrorCollectorInterceptor.kt)
	at io.kotest.engine.test.interceptors.CoroutineErrorCollectorInterceptor$intercept$3.invoke(CoroutineErrorCollectorInterceptor.kt)
	at kotlinx.coroutines.intrinsics.UndispatchedKt.startUndispatchedOrReturn(Undispatched.kt:89)
	at kotlinx.coroutines.BuildersKt__Builders_commonKt.withContext(Builders.common.kt:166)
	at kotlinx.coroutines.BuildersKt.withContext(Unknown Source)
	at io.kotest.engine.test.interceptors.CoroutineErrorCollectorInterceptor.intercept(CoroutineErrorCollectorInterceptor.kt:27)
	at io.kotest.engine.test.TestCaseExecutor$execute$2$1.invokeSuspend(TestCaseExecutor.kt:86)
	at io.kotest.engine.test.TestCaseExecutor$execute$2$1.invoke(TestCaseExecutor.kt)
	at io.kotest.engine.test.TestCaseExecutor$execute$2$1.invoke(TestCaseExecutor.kt)
	at io.kotest.engine.test.interceptors.CoroutineDispatcherFactoryInterceptor$intercept$4.invokeSuspend(coroutineDispatcherFactoryInterceptor.kt:57)
	at io.kotest.engine.test.interceptors.CoroutineDispatcherFactoryInterceptor$intercept$4.invoke(coroutineDispatcherFactoryInterceptor.kt)
	at io.kotest.engine.test.interceptors.CoroutineDispatcherFactoryInterceptor$intercept$4.invoke(coroutineDispatcherFactoryInterceptor.kt)
	at io.kotest.engine.concurrency.FixedThreadCoroutineDispatcherFactory$withDispatcher$4.invokeSuspend(FixedThreadCoroutineDispatcherFactory.kt:53)
	at kotlin.coroutines.jvm.internal.BaseContinuationImpl.resumeWith(ContinuationImpl.kt:33)
	at kotlinx.coroutines.DispatchedTask.run(DispatchedTask.kt:106)
	at java.base/java.util.concurrent.ThreadPoolExecutor.runWorker(ThreadPoolExecutor.java:1136)
	at java.base/java.util.concurrent.ThreadPoolExecutor$Worker.run(ThreadPoolExecutor.java:635)
	at java.base/java.lang.Thread.run(Thread.java:833)
Caused by: java.lang.AssertionError: 2114472374 should be equal to 465781412
	at org.nljug.pbt.EuroPropertyBasedTest$1.invoke$shouldBe(EuroPropertyBasedTest.kt:13)
	at org.nljug.pbt.EuroPropertyBasedTest$1.access$invoke$shouldBe(EuroPropertyBasedTest.kt:11)
	at org.nljug.pbt.EuroPropertyBasedTest$1$1$1.invokeSuspend(EuroPropertyBasedTest.kt:17)
	at org.nljug.pbt.EuroPropertyBasedTest$1$1$1.invoke(EuroPropertyBasedTest.kt)
	at org.nljug.pbt.EuroPropertyBasedTest$1$1$1.invoke(EuroPropertyBasedTest.kt)
	at io.kotest.property.internal.ProptestKt$proptest$8$2.invokeSuspend(proptest.kt:122)
	at io.kotest.property.internal.ProptestKt$proptest$8$2.invoke(proptest.kt)
	at io.kotest.property.internal.ProptestKt$proptest$8$2.invoke(proptest.kt)
	at io.kotest.property.internal.TestKt.test(test.kt:41)
	at io.kotest.property.internal.ProptestKt.proptest(proptest.kt:114)
	at io.kotest.property.PropertyTest2Kt.checkAll(propertyTest2.kt:13)
	... 94 more
</pre>
</span>
</div>
<div class="test">
<a name="Sum of positive Euros is equal to the separate Euros (with custom arb)"></a>
<h3 class="failures">Sum of positive Euros is equal to the separate Euros (with custom arb)</h3>
<span class="code">
<pre>java.lang.AssertionError: Property failed after 1 attempts

	Arg 0: Euro(euro=19793845, cents=6)
	Arg 1: Euro(euro=12928877, cents=53)

Repeat this test by using seed 4202569545040651743

Caused by: 1979384506 should be equal to 1292887753
	at org.nljug.pbt.EuroPropertyBasedTest$1$2.invokeSuspend(EuroPropertyBasedTest.kt:27)
	at org.nljug.pbt.EuroPropertyBasedTest$1$2.invoke(EuroPropertyBasedTest.kt)
	at org.nljug.pbt.EuroPropertyBasedTest$1$2.invoke(EuroPropertyBasedTest.kt)
	at io.kotest.core.spec.style.scopes.StringSpecRootScope$invoke$1.invokeSuspend(StringSpecRootScope.kt:72)
	at io.kotest.core.spec.style.scopes.StringSpecRootScope$invoke$1.invoke(StringSpecRootScope.kt)
	at io.kotest.core.spec.style.scopes.StringSpecRootScope$invoke$1.invoke(StringSpecRootScope.kt)
	at io.kotest.core.spec.style.scopes.RootScopeKt$addTest$1.invokeSuspend(RootScope.kt:36)
	at io.kotest.core.spec.style.scopes.RootScopeKt$addTest$1.invoke(RootScope.kt)
	at io.kotest.core.spec.style.scopes.RootScopeKt$addTest$1.invoke(RootScope.kt)
	at io.kotest.engine.test.TestCaseExecutor$execute$innerExecute$1.invokeSuspend(TestCaseExecutor.kt:77)
	at io.kotest.engine.test.TestCaseExecutor$execute$innerExecute$1.invoke(TestCaseExecutor.kt)
	at io.kotest.engine.test.TestCaseExecutor$execute$innerExecute$1.invoke(TestCaseExecutor.kt)
	at io.kotest.engine.test.interceptors.CoroutineDebugProbeInterceptor.intercept(CoroutineDebugProbeInterceptor.kt:29)
	at io.kotest.engine.test.TestCaseExecutor$execute$2$1.invokeSuspend(TestCaseExecutor.kt:86)
	at io.kotest.engine.test.TestCaseExecutor$execute$2$1.invoke(TestCaseExecutor.kt)
	at io.kotest.engine.test.TestCaseExecutor$execute$2$1.invoke(TestCaseExecutor.kt)
	at io.kotest.engine.test.interceptors.InvocationTimeoutInterceptor$intercept$3.invokeSuspend(InvocationTimeoutInterceptor.kt:43)
	at io.kotest.engine.test.interceptors.InvocationTimeoutInterceptor$intercept$3.invoke(InvocationTimeoutInterceptor.kt)
	at io.kotest.engine.test.interceptors.InvocationTimeoutInterceptor$intercept$3.invoke(InvocationTimeoutInterceptor.kt)
	at kotlinx.coroutines.intrinsics.UndispatchedKt.startUndispatchedOrReturnIgnoreTimeout(Undispatched.kt:100)
	at kotlinx.coroutines.TimeoutKt.setupTimeout(Timeout.kt:146)
	at kotlinx.coroutines.TimeoutKt.withTimeoutOrNull(Timeout.kt:103)
	at io.kotest.engine.test.interceptors.InvocationTimeoutInterceptor.intercept(InvocationTimeoutInterceptor.kt:42)
	at io.kotest.engine.test.TestCaseExecutor$execute$2$1.invokeSuspend(TestCaseExecutor.kt:86)
	at io.kotest.engine.test.TestCaseExecutor$execute$2$1.invoke(TestCaseExecutor.kt)
	at io.kotest.engine.test.TestCaseExecutor$execute$2$1.invoke(TestCaseExecutor.kt)
	at io.kotest.engine.test.TestInvocationInterceptor$intercept$2$3.invokeSuspend(TestInvocationInterceptor.kt:36)
	at io.kotest.engine.test.TestInvocationInterceptor$intercept$2$3.invoke(TestInvocationInterceptor.kt)
	at io.kotest.engine.test.TestInvocationInterceptor$intercept$2$3.invoke(TestInvocationInterceptor.kt)
	at io.kotest.mpp.ReplayKt.replay(replay.kt:18)
	at io.kotest.engine.test.TestInvocationInterceptor$intercept$2.invokeSuspend(TestInvocationInterceptor.kt:31)
	at io.kotest.engine.test.TestInvocationInterceptor$intercept$2.invoke(TestInvocationInterceptor.kt)
	at io.kotest.engine.test.TestInvocationInterceptor$intercept$2.invoke(TestInvocationInterceptor.kt)
	at kotlinx.coroutines.intrinsics.UndispatchedKt.startUndispatchedOrReturn(Undispatched.kt:89)
	at kotlinx.coroutines.CoroutineScopeKt.coroutineScope(CoroutineScope.kt:264)
	at io.kotest.engine.test.TestInvocationInterceptor.intercept(TestInvocationInterceptor.kt:30)
	at io.kotest.engine.test.TestCaseExecutor$execute$2$1.invokeSuspend(TestCaseExecutor.kt:86)
	at io.kotest.engine.test.TestCaseExecutor$execute$2$1.invoke(TestCaseExecutor.kt)
	at io.kotest.engine.test.TestCaseExecutor$execute$2$1.invoke(TestCaseExecutor.kt)
	at io.kotest.engine.test.interceptors.TimeoutInterceptor.intercept(TimeoutInterceptor.kt:33)
	at io.kotest.engine.test.TestCaseExecutor$execute$2$1.invokeSuspend(TestCaseExecutor.kt:86)
	at io.kotest.engine.test.TestCaseExecutor$execute$2$1.invoke(TestCaseExecutor.kt)
	at io.kotest.engine.test.TestCaseExecutor$execute$2$1.invoke(TestCaseExecutor.kt)
	at io.kotest.engine.test.interceptors.BlockedThreadTimeoutInterceptor.intercept(BlockedThreadTimeoutInterceptor.kt:74)
	at io.kotest.engine.test.TestCaseExecutor$execute$2$1.invokeSuspend(TestCaseExecutor.kt:86)
	at io.kotest.engine.test.TestCaseExecutor$execute$2$1.invoke(TestCaseExecutor.kt)
	at io.kotest.engine.test.TestCaseExecutor$execute$2$1.invoke(TestCaseExecutor.kt)
	at io.kotest.engine.test.interceptors.CoroutineLoggingInterceptor.intercept(CoroutineLoggingInterceptor.kt:30)
	at io.kotest.engine.test.TestCaseExecutor$execute$2$1.invokeSuspend(TestCaseExecutor.kt:86)
	at io.kotest.engine.test.TestCaseExecutor$execute$2$1.invoke(TestCaseExecutor.kt)
	at io.kotest.engine.test.TestCaseExecutor$execute$2$1.invoke(TestCaseExecutor.kt)
	at io.kotest.engine.test.interceptors.SoftAssertInterceptor.intercept(SoftAssertInterceptor.kt:27)
	at io.kotest.engine.test.TestCaseExecutor$execute$2$1.invokeSuspend(TestCaseExecutor.kt:86)
	at io.kotest.engine.test.TestCaseExecutor$execute$2$1.invoke(TestCaseExecutor.kt)
	at io.kotest.engine.test.TestCaseExecutor$execute$2$1.invoke(TestCaseExecutor.kt)
	at io.kotest.engine.test.interceptors.AssertionModeInterceptor.intercept(AssertionModeInterceptor.kt:25)
	at io.kotest.engine.test.TestCaseExecutor$execute$2$1.invokeSuspend(TestCaseExecutor.kt:86)
	at io.kotest.engine.test.TestCaseExecutor$execute$2$1.invoke(TestCaseExecutor.kt)
	at io.kotest.engine.test.TestCaseExecutor$execute$2$1.invoke(TestCaseExecutor.kt)
	at io.kotest.engine.test.interceptors.LifecycleInterceptor.intercept(LifecycleInterceptor.kt:51)
	at io.kotest.engine.test.TestCaseExecutor$execute$2$1.invokeSuspend(TestCaseExecutor.kt:86)
	at io.kotest.engine.test.TestCaseExecutor$execute$2$1.invoke(TestCaseExecutor.kt)
	at io.kotest.engine.test.TestCaseExecutor$execute$2$1.invoke(TestCaseExecutor.kt)
	at io.kotest.engine.test.interceptors.EnabledCheckInterceptor.intercept(EnabledCheckInterceptor.kt:31)
	at io.kotest.engine.test.TestCaseExecutor$execute$2$1.invokeSuspend(TestCaseExecutor.kt:86)
	at io.kotest.engine.test.TestCaseExecutor$execute$2$1.invoke(TestCaseExecutor.kt)
	at io.kotest.engine.test.TestCaseExecutor$execute$2$1.invoke(TestCaseExecutor.kt)
	at io.kotest.engine.test.interceptors.TestCaseExtensionInterceptor$intercept$2.invokeSuspend(TestCaseExtensionInterceptor.kt:24)
	at io.kotest.engine.test.interceptors.TestCaseExtensionInterceptor$intercept$2.invoke(TestCaseExtensionInterceptor.kt)
	at io.kotest.engine.test.interceptors.TestCaseExtensionInterceptor$intercept$2.invoke(TestCaseExtensionInterceptor.kt)
	at io.kotest.engine.test.TestExtensions.intercept(TestExtensions.kt:154)
	at io.kotest.engine.test.interceptors.TestCaseExtensionInterceptor.intercept(TestCaseExtensionInterceptor.kt:24)
	at io.kotest.engine.test.TestCaseExecutor$execute$2$1.invokeSuspend(TestCaseExecutor.kt:86)
	at io.kotest.engine.test.TestCaseExecutor$execute$2$1.invoke(TestCaseExecutor.kt)
	at io.kotest.engine.test.TestCaseExecutor$execute$2$1.invoke(TestCaseExecutor.kt)
	at io.kotest.engine.test.interceptors.CoroutineErrorCollectorInterceptor$intercept$3.invokeSuspend(CoroutineErrorCollectorInterceptor.kt:28)
	at io.kotest.engine.test.interceptors.CoroutineErrorCollectorInterceptor$intercept$3.invoke(CoroutineErrorCollectorInterceptor.kt)
	at io.kotest.engine.test.interceptors.CoroutineErrorCollectorInterceptor$intercept$3.invoke(CoroutineErrorCollectorInterceptor.kt)
	at kotlinx.coroutines.intrinsics.UndispatchedKt.startUndispatchedOrReturn(Undispatched.kt:89)
	at kotlinx.coroutines.BuildersKt__Builders_commonKt.withContext(Builders.common.kt:166)
	at kotlinx.coroutines.BuildersKt.withContext(Unknown Source)
	at io.kotest.engine.test.interceptors.CoroutineErrorCollectorInterceptor.intercept(CoroutineErrorCollectorInterceptor.kt:27)
	at io.kotest.engine.test.TestCaseExecutor$execute$2$1.invokeSuspend(TestCaseExecutor.kt:86)
	at io.kotest.engine.test.TestCaseExecutor$execute$2$1.invoke(TestCaseExecutor.kt)
	at io.kotest.engine.test.TestCaseExecutor$execute$2$1.invoke(TestCaseExecutor.kt)
	at io.kotest.engine.test.interceptors.CoroutineDispatcherFactoryInterceptor$intercept$4.invokeSuspend(coroutineDispatcherFactoryInterceptor.kt:57)
	at io.kotest.engine.test.interceptors.CoroutineDispatcherFactoryInterceptor$intercept$4.invoke(coroutineDispatcherFactoryInterceptor.kt)
	at io.kotest.engine.test.interceptors.CoroutineDispatcherFactoryInterceptor$intercept$4.invoke(coroutineDispatcherFactoryInterceptor.kt)
	at io.kotest.engine.concurrency.FixedThreadCoroutineDispatcherFactory$withDispatcher$4.invokeSuspend(FixedThreadCoroutineDispatcherFactory.kt:53)
	at ???(Coroutine boundary.?(?)
	at kotlinx.coroutines.TimeoutKt.withTimeoutOrNull(Timeout.kt:100)
	at io.kotest.engine.test.interceptors.InvocationTimeoutInterceptor.intercept(InvocationTimeoutInterceptor.kt:42)
	at io.kotest.engine.test.TestCaseExecutor$execute$2$1.invokeSuspend(TestCaseExecutor.kt:86)
	at io.kotest.engine.test.TestInvocationInterceptor$intercept$2$3.invokeSuspend(TestInvocationInterceptor.kt:36)
	at io.kotest.mpp.ReplayKt.replay(replay.kt:18)
	at io.kotest.engine.test.TestInvocationInterceptor$intercept$2.invokeSuspend(TestInvocationInterceptor.kt:31)
	at io.kotest.engine.test.TestInvocationInterceptor.intercept(TestInvocationInterceptor.kt:30)
	at io.kotest.engine.test.TestCaseExecutor$execute$2$1.invokeSuspend(TestCaseExecutor.kt:86)
	at io.kotest.engine.test.interceptors.TimeoutInterceptor.intercept(TimeoutInterceptor.kt:33)
	at io.kotest.engine.test.TestCaseExecutor$execute$2$1.invokeSuspend(TestCaseExecutor.kt:86)
	at io.kotest.engine.test.interceptors.BlockedThreadTimeoutInterceptor.intercept(BlockedThreadTimeoutInterceptor.kt:74)
	at io.kotest.engine.test.TestCaseExecutor$execute$2$1.invokeSuspend(TestCaseExecutor.kt:86)
	at io.kotest.engine.test.interceptors.CoroutineLoggingInterceptor.intercept(CoroutineLoggingInterceptor.kt:30)
	at io.kotest.engine.test.TestCaseExecutor$execute$2$1.invokeSuspend(TestCaseExecutor.kt:86)
	at io.kotest.engine.test.interceptors.SoftAssertInterceptor.intercept(SoftAssertInterceptor.kt:27)
	at io.kotest.engine.test.TestCaseExecutor$execute$2$1.invokeSuspend(TestCaseExecutor.kt:86)
	at io.kotest.engine.test.interceptors.AssertionModeInterceptor.intercept(AssertionModeInterceptor.kt:25)
	at io.kotest.engine.test.TestCaseExecutor$execute$2$1.invokeSuspend(TestCaseExecutor.kt:86)
	at io.kotest.engine.test.interceptors.LifecycleInterceptor.intercept(LifecycleInterceptor.kt:51)
	at io.kotest.engine.test.TestCaseExecutor$execute$2$1.invokeSuspend(TestCaseExecutor.kt:86)
	at io.kotest.engine.test.interceptors.EnabledCheckInterceptor.intercept(EnabledCheckInterceptor.kt:31)
	at io.kotest.engine.test.TestCaseExecutor$execute$2$1.invokeSuspend(TestCaseExecutor.kt:86)
	at io.kotest.engine.test.interceptors.TestCaseExtensionInterceptor$intercept$2.invokeSuspend(TestCaseExtensionInterceptor.kt:24)
	at io.kotest.engine.test.TestCaseExecutor$execute$2$1.invokeSuspend(TestCaseExecutor.kt:86)
	at io.kotest.engine.test.interceptors.CoroutineErrorCollectorInterceptor$intercept$3.invokeSuspend(CoroutineErrorCollectorInterceptor.kt:28)
	at io.kotest.engine.test.TestCaseExecutor$execute$2$1.invokeSuspend(TestCaseExecutor.kt:86)
	at io.kotest.engine.test.interceptors.CoroutineDispatcherFactoryInterceptor$intercept$4.invokeSuspend(coroutineDispatcherFactoryInterceptor.kt:57)
	at io.kotest.engine.concurrency.FixedThreadCoroutineDispatcherFactory$withDispatcher$4.invokeSuspend(FixedThreadCoroutineDispatcherFactory.kt:53)
	at io.kotest.engine.test.TestCaseExecutor$execute$2$1.invokeSuspend(TestCaseExecutor.kt:86)
	at io.kotest.engine.test.interceptors.SupervisorScopeInterceptor$intercept$2.invokeSuspend(SupervisorScopeInterceptor.kt:23)
	at io.kotest.engine.test.TestCaseExecutor$execute$2$1.invokeSuspend(TestCaseExecutor.kt:86)
	at io.kotest.engine.test.TestCaseExecutor$execute$2$1.invokeSuspend(TestCaseExecutor.kt:86)
	at io.kotest.engine.test.interceptors.TestFinishedInterceptor.intercept(TestFinishedInterceptor.kt:21)
	at io.kotest.engine.test.TestCaseExecutor$execute$2$1.invokeSuspend(TestCaseExecutor.kt:86)
	at io.kotest.engine.spec.runners.SingleInstanceSpecRunner.runTest(SingleInstanceSpecRunner.kt:121)
	at io.kotest.engine.spec.runners.SingleInstanceSpecRunner$execute$interceptAndRun$2$2.invokeSuspend(SingleInstanceSpecRunner.kt:51)
	at io.kotest.engine.test.scheduler.SequentialTestScheduler$schedule$3$1$1.invokeSuspend(SequentialTestScheduler.kt:20)
Caused by: java.lang.AssertionError: Property failed after 1 attempts

	Arg 0: Euro(euro=19793845, cents=6)
	Arg 1: Euro(euro=12928877, cents=53)

Repeat this test by using seed 4202569545040651743

Caused by: 1979384506 should be equal to 1292887753
	at org.nljug.pbt.EuroPropertyBasedTest$1$2.invokeSuspend(EuroPropertyBasedTest.kt:27)
	at org.nljug.pbt.EuroPropertyBasedTest$1$2.invoke(EuroPropertyBasedTest.kt)
	at org.nljug.pbt.EuroPropertyBasedTest$1$2.invoke(EuroPropertyBasedTest.kt)
	at io.kotest.core.spec.style.scopes.StringSpecRootScope$invoke$1.invokeSuspend(StringSpecRootScope.kt:72)
	at io.kotest.core.spec.style.scopes.StringSpecRootScope$invoke$1.invoke(StringSpecRootScope.kt)
	at io.kotest.core.spec.style.scopes.StringSpecRootScope$invoke$1.invoke(StringSpecRootScope.kt)
	at io.kotest.core.spec.style.scopes.RootScopeKt$addTest$1.invokeSuspend(RootScope.kt:36)
	at io.kotest.core.spec.style.scopes.RootScopeKt$addTest$1.invoke(RootScope.kt)
	at io.kotest.core.spec.style.scopes.RootScopeKt$addTest$1.invoke(RootScope.kt)
	at io.kotest.engine.test.TestCaseExecutor$execute$innerExecute$1.invokeSuspend(TestCaseExecutor.kt:77)
	at io.kotest.engine.test.TestCaseExecutor$execute$innerExecute$1.invoke(TestCaseExecutor.kt)
	at io.kotest.engine.test.TestCaseExecutor$execute$innerExecute$1.invoke(TestCaseExecutor.kt)
	at io.kotest.engine.test.interceptors.CoroutineDebugProbeInterceptor.intercept(CoroutineDebugProbeInterceptor.kt:29)
	at io.kotest.engine.test.TestCaseExecutor$execute$2$1.invokeSuspend(TestCaseExecutor.kt:86)
	at io.kotest.engine.test.TestCaseExecutor$execute$2$1.invoke(TestCaseExecutor.kt)
	at io.kotest.engine.test.TestCaseExecutor$execute$2$1.invoke(TestCaseExecutor.kt)
	at io.kotest.engine.test.interceptors.InvocationTimeoutInterceptor$intercept$3.invokeSuspend(InvocationTimeoutInterceptor.kt:43)
	at io.kotest.engine.test.interceptors.InvocationTimeoutInterceptor$intercept$3.invoke(InvocationTimeoutInterceptor.kt)
	at io.kotest.engine.test.interceptors.InvocationTimeoutInterceptor$intercept$3.invoke(InvocationTimeoutInterceptor.kt)
	at kotlinx.coroutines.intrinsics.UndispatchedKt.startUndispatchedOrReturnIgnoreTimeout(Undispatched.kt:100)
	at kotlinx.coroutines.TimeoutKt.setupTimeout(Timeout.kt:146)
	at kotlinx.coroutines.TimeoutKt.withTimeoutOrNull(Timeout.kt:103)
	at io.kotest.engine.test.interceptors.InvocationTimeoutInterceptor.intercept(InvocationTimeoutInterceptor.kt:42)
	at io.kotest.engine.test.TestCaseExecutor$execute$2$1.invokeSuspend(TestCaseExecutor.kt:86)
	at io.kotest.engine.test.TestCaseExecutor$execute$2$1.invoke(TestCaseExecutor.kt)
	at io.kotest.engine.test.TestCaseExecutor$execute$2$1.invoke(TestCaseExecutor.kt)
	at io.kotest.engine.test.TestInvocationInterceptor$intercept$2$3.invokeSuspend(TestInvocationInterceptor.kt:36)
	at io.kotest.engine.test.TestInvocationInterceptor$intercept$2$3.invoke(TestInvocationInterceptor.kt)
	at io.kotest.engine.test.TestInvocationInterceptor$intercept$2$3.invoke(TestInvocationInterceptor.kt)
	at io.kotest.mpp.ReplayKt.replay(replay.kt:18)
	at io.kotest.engine.test.TestInvocationInterceptor$intercept$2.invokeSuspend(TestInvocationInterceptor.kt:31)
	at io.kotest.engine.test.TestInvocationInterceptor$intercept$2.invoke(TestInvocationInterceptor.kt)
	at io.kotest.engine.test.TestInvocationInterceptor$intercept$2.invoke(TestInvocationInterceptor.kt)
	at kotlinx.coroutines.intrinsics.UndispatchedKt.startUndispatchedOrReturn(Undispatched.kt:89)
	at kotlinx.coroutines.CoroutineScopeKt.coroutineScope(CoroutineScope.kt:264)
	at io.kotest.engine.test.TestInvocationInterceptor.intercept(TestInvocationInterceptor.kt:30)
	at io.kotest.engine.test.TestCaseExecutor$execute$2$1.invokeSuspend(TestCaseExecutor.kt:86)
	at io.kotest.engine.test.TestCaseExecutor$execute$2$1.invoke(TestCaseExecutor.kt)
	at io.kotest.engine.test.TestCaseExecutor$execute$2$1.invoke(TestCaseExecutor.kt)
	at io.kotest.engine.test.interceptors.TimeoutInterceptor.intercept(TimeoutInterceptor.kt:33)
	at io.kotest.engine.test.TestCaseExecutor$execute$2$1.invokeSuspend(TestCaseExecutor.kt:86)
	at io.kotest.engine.test.TestCaseExecutor$execute$2$1.invoke(TestCaseExecutor.kt)
	at io.kotest.engine.test.TestCaseExecutor$execute$2$1.invoke(TestCaseExecutor.kt)
	at io.kotest.engine.test.interceptors.BlockedThreadTimeoutInterceptor.intercept(BlockedThreadTimeoutInterceptor.kt:74)
	at io.kotest.engine.test.TestCaseExecutor$execute$2$1.invokeSuspend(TestCaseExecutor.kt:86)
	at io.kotest.engine.test.TestCaseExecutor$execute$2$1.invoke(TestCaseExecutor.kt)
	at io.kotest.engine.test.TestCaseExecutor$execute$2$1.invoke(TestCaseExecutor.kt)
	at io.kotest.engine.test.interceptors.CoroutineLoggingInterceptor.intercept(CoroutineLoggingInterceptor.kt:30)
	at io.kotest.engine.test.TestCaseExecutor$execute$2$1.invokeSuspend(TestCaseExecutor.kt:86)
	at io.kotest.engine.test.TestCaseExecutor$execute$2$1.invoke(TestCaseExecutor.kt)
	at io.kotest.engine.test.TestCaseExecutor$execute$2$1.invoke(TestCaseExecutor.kt)
	at io.kotest.engine.test.interceptors.SoftAssertInterceptor.intercept(SoftAssertInterceptor.kt:27)
	at io.kotest.engine.test.TestCaseExecutor$execute$2$1.invokeSuspend(TestCaseExecutor.kt:86)
	at io.kotest.engine.test.TestCaseExecutor$execute$2$1.invoke(TestCaseExecutor.kt)
	at io.kotest.engine.test.TestCaseExecutor$execute$2$1.invoke(TestCaseExecutor.kt)
	at io.kotest.engine.test.interceptors.AssertionModeInterceptor.intercept(AssertionModeInterceptor.kt:25)
	at io.kotest.engine.test.TestCaseExecutor$execute$2$1.invokeSuspend(TestCaseExecutor.kt:86)
	at io.kotest.engine.test.TestCaseExecutor$execute$2$1.invoke(TestCaseExecutor.kt)
	at io.kotest.engine.test.TestCaseExecutor$execute$2$1.invoke(TestCaseExecutor.kt)
	at io.kotest.engine.test.interceptors.LifecycleInterceptor.intercept(LifecycleInterceptor.kt:51)
	at io.kotest.engine.test.TestCaseExecutor$execute$2$1.invokeSuspend(TestCaseExecutor.kt:86)
	at io.kotest.engine.test.TestCaseExecutor$execute$2$1.invoke(TestCaseExecutor.kt)
	at io.kotest.engine.test.TestCaseExecutor$execute$2$1.invoke(TestCaseExecutor.kt)
	at io.kotest.engine.test.interceptors.EnabledCheckInterceptor.intercept(EnabledCheckInterceptor.kt:31)
	at io.kotest.engine.test.TestCaseExecutor$execute$2$1.invokeSuspend(TestCaseExecutor.kt:86)
	at io.kotest.engine.test.TestCaseExecutor$execute$2$1.invoke(TestCaseExecutor.kt)
	at io.kotest.engine.test.TestCaseExecutor$execute$2$1.invoke(TestCaseExecutor.kt)
	at io.kotest.engine.test.interceptors.TestCaseExtensionInterceptor$intercept$2.invokeSuspend(TestCaseExtensionInterceptor.kt:24)
	at io.kotest.engine.test.interceptors.TestCaseExtensionInterceptor$intercept$2.invoke(TestCaseExtensionInterceptor.kt)
	at io.kotest.engine.test.interceptors.TestCaseExtensionInterceptor$intercept$2.invoke(TestCaseExtensionInterceptor.kt)
	at io.kotest.engine.test.TestExtensions.intercept(TestExtensions.kt:154)
	at io.kotest.engine.test.interceptors.TestCaseExtensionInterceptor.intercept(TestCaseExtensionInterceptor.kt:24)
	at io.kotest.engine.test.TestCaseExecutor$execute$2$1.invokeSuspend(TestCaseExecutor.kt:86)
	at io.kotest.engine.test.TestCaseExecutor$execute$2$1.invoke(TestCaseExecutor.kt)
	at io.kotest.engine.test.TestCaseExecutor$execute$2$1.invoke(TestCaseExecutor.kt)
	at io.kotest.engine.test.interceptors.CoroutineErrorCollectorInterceptor$intercept$3.invokeSuspend(CoroutineErrorCollectorInterceptor.kt:28)
	at io.kotest.engine.test.interceptors.CoroutineErrorCollectorInterceptor$intercept$3.invoke(CoroutineErrorCollectorInterceptor.kt)
	at io.kotest.engine.test.interceptors.CoroutineErrorCollectorInterceptor$intercept$3.invoke(CoroutineErrorCollectorInterceptor.kt)
	at kotlinx.coroutines.intrinsics.UndispatchedKt.startUndispatchedOrReturn(Undispatched.kt:89)
	at kotlinx.coroutines.BuildersKt__Builders_commonKt.withContext(Builders.common.kt:166)
	at kotlinx.coroutines.BuildersKt.withContext(Unknown Source)
	at io.kotest.engine.test.interceptors.CoroutineErrorCollectorInterceptor.intercept(CoroutineErrorCollectorInterceptor.kt:27)
	at io.kotest.engine.test.TestCaseExecutor$execute$2$1.invokeSuspend(TestCaseExecutor.kt:86)
	at io.kotest.engine.test.TestCaseExecutor$execute$2$1.invoke(TestCaseExecutor.kt)
	at io.kotest.engine.test.TestCaseExecutor$execute$2$1.invoke(TestCaseExecutor.kt)
	at io.kotest.engine.test.interceptors.CoroutineDispatcherFactoryInterceptor$intercept$4.invokeSuspend(coroutineDispatcherFactoryInterceptor.kt:57)
	at io.kotest.engine.test.interceptors.CoroutineDispatcherFactoryInterceptor$intercept$4.invoke(coroutineDispatcherFactoryInterceptor.kt)
	at io.kotest.engine.test.interceptors.CoroutineDispatcherFactoryInterceptor$intercept$4.invoke(coroutineDispatcherFactoryInterceptor.kt)
	at io.kotest.engine.concurrency.FixedThreadCoroutineDispatcherFactory$withDispatcher$4.invokeSuspend(FixedThreadCoroutineDispatcherFactory.kt:53)
	at kotlin.coroutines.jvm.internal.BaseContinuationImpl.resumeWith(ContinuationImpl.kt:33)
	at kotlinx.coroutines.DispatchedTask.run(DispatchedTask.kt:106)
	at java.base/java.util.concurrent.ThreadPoolExecutor.runWorker(ThreadPoolExecutor.java:1136)
	at java.base/java.util.concurrent.ThreadPoolExecutor$Worker.run(ThreadPoolExecutor.java:635)
	at java.base/java.lang.Thread.run(Thread.java:833)
Caused by: java.lang.AssertionError: 1979384506 should be equal to 1292887753
	at org.nljug.pbt.EuroPropertyBasedTest$1.invoke$shouldBe(EuroPropertyBasedTest.kt:13)
	at org.nljug.pbt.EuroPropertyBasedTest$1.access$invoke$shouldBe(EuroPropertyBasedTest.kt:11)
	at org.nljug.pbt.EuroPropertyBasedTest$1$2$1.invokeSuspend(EuroPropertyBasedTest.kt:28)
	at org.nljug.pbt.EuroPropertyBasedTest$1$2$1.invoke(EuroPropertyBasedTest.kt)
	at org.nljug.pbt.EuroPropertyBasedTest$1$2$1.invoke(EuroPropertyBasedTest.kt)
	at io.kotest.property.internal.ProptestKt$proptest$8$2.invokeSuspend(proptest.kt:122)
	at io.kotest.property.internal.ProptestKt$proptest$8$2.invoke(proptest.kt)
	at io.kotest.property.internal.ProptestKt$proptest$8$2.invoke(proptest.kt)
	at io.kotest.property.internal.TestKt.test(test.kt:41)
	at io.kotest.property.internal.ProptestKt.proptest(proptest.kt:114)
	at io.kotest.property.PropertyTest2Kt.checkAll(propertyTest2.kt:13)
	... 94 more
</pre>
</span>
</div>
<div class="test">
<a name="Sum of positive Euros is equal to the separate Euros (with custom shrinking arb)"></a>
<h3 class="failures">Sum of positive Euros is equal to the separate Euros (with custom shrinking arb)</h3>
<span class="code">
<pre>java.lang.AssertionError: Property failed after 1 attempts

	Arg 0: Euro(euro=9128411, cents=71) (shrunk from Euro(euro=9128401, cents=71))
	Arg 1: Euro(euro=7941287, cents=47)

Repeat this test by using seed 3470709490457146510

Caused by: 912841171 should be equal to 794128747
	at org.nljug.pbt.EuroPropertyBasedTest$1$3.invokeSuspend(EuroPropertyBasedTest.kt:47)
	at org.nljug.pbt.EuroPropertyBasedTest$1$3.invoke(EuroPropertyBasedTest.kt)
	at org.nljug.pbt.EuroPropertyBasedTest$1$3.invoke(EuroPropertyBasedTest.kt)
	at io.kotest.core.spec.style.scopes.StringSpecRootScope$invoke$1.invokeSuspend(StringSpecRootScope.kt:72)
	at io.kotest.core.spec.style.scopes.StringSpecRootScope$invoke$1.invoke(StringSpecRootScope.kt)
	at io.kotest.core.spec.style.scopes.StringSpecRootScope$invoke$1.invoke(StringSpecRootScope.kt)
	at io.kotest.core.spec.style.scopes.RootScopeKt$addTest$1.invokeSuspend(RootScope.kt:36)
	at io.kotest.core.spec.style.scopes.RootScopeKt$addTest$1.invoke(RootScope.kt)
	at io.kotest.core.spec.style.scopes.RootScopeKt$addTest$1.invoke(RootScope.kt)
	at io.kotest.engine.test.TestCaseExecutor$execute$innerExecute$1.invokeSuspend(TestCaseExecutor.kt:77)
	at io.kotest.engine.test.TestCaseExecutor$execute$innerExecute$1.invoke(TestCaseExecutor.kt)
	at io.kotest.engine.test.TestCaseExecutor$execute$innerExecute$1.invoke(TestCaseExecutor.kt)
	at io.kotest.engine.test.interceptors.CoroutineDebugProbeInterceptor.intercept(CoroutineDebugProbeInterceptor.kt:29)
	at io.kotest.engine.test.TestCaseExecutor$execute$2$1.invokeSuspend(TestCaseExecutor.kt:86)
	at io.kotest.engine.test.TestCaseExecutor$execute$2$1.invoke(TestCaseExecutor.kt)
	at io.kotest.engine.test.TestCaseExecutor$execute$2$1.invoke(TestCaseExecutor.kt)
	at io.kotest.engine.test.interceptors.InvocationTimeoutInterceptor$intercept$3.invokeSuspend(InvocationTimeoutInterceptor.kt:43)
	at io.kotest.engine.test.interceptors.InvocationTimeoutInterceptor$intercept$3.invoke(InvocationTimeoutInterceptor.kt)
	at io.kotest.engine.test.interceptors.InvocationTimeoutInterceptor$intercept$3.invoke(InvocationTimeoutInterceptor.kt)
	at kotlinx.coroutines.intrinsics.UndispatchedKt.startUndispatchedOrReturnIgnoreTimeout(Undispatched.kt:100)
	at kotlinx.coroutines.TimeoutKt.setupTimeout(Timeout.kt:146)
	at kotlinx.coroutines.TimeoutKt.withTimeoutOrNull(Timeout.kt:103)
	at io.kotest.engine.test.interceptors.InvocationTimeoutInterceptor.intercept(InvocationTimeoutInterceptor.kt:42)
	at io.kotest.engine.test.TestCaseExecutor$execute$2$1.invokeSuspend(TestCaseExecutor.kt:86)
	at io.kotest.engine.test.TestCaseExecutor$execute$2$1.invoke(TestCaseExecutor.kt)
	at io.kotest.engine.test.TestCaseExecutor$execute$2$1.invoke(TestCaseExecutor.kt)
	at io.kotest.engine.test.TestInvocationInterceptor$intercept$2$3.invokeSuspend(TestInvocationInterceptor.kt:36)
	at io.kotest.engine.test.TestInvocationInterceptor$intercept$2$3.invoke(TestInvocationInterceptor.kt)
	at io.kotest.engine.test.TestInvocationInterceptor$intercept$2$3.invoke(TestInvocationInterceptor.kt)
	at io.kotest.mpp.ReplayKt.replay(replay.kt:18)
	at io.kotest.engine.test.TestInvocationInterceptor$intercept$2.invokeSuspend(TestInvocationInterceptor.kt:31)
	at io.kotest.engine.test.TestInvocationInterceptor$intercept$2.invoke(TestInvocationInterceptor.kt)
	at io.kotest.engine.test.TestInvocationInterceptor$intercept$2.invoke(TestInvocationInterceptor.kt)
	at kotlinx.coroutines.intrinsics.UndispatchedKt.startUndispatchedOrReturn(Undispatched.kt:89)
	at kotlinx.coroutines.CoroutineScopeKt.coroutineScope(CoroutineScope.kt:264)
	at io.kotest.engine.test.TestInvocationInterceptor.intercept(TestInvocationInterceptor.kt:30)
	at io.kotest.engine.test.TestCaseExecutor$execute$2$1.invokeSuspend(TestCaseExecutor.kt:86)
	at io.kotest.engine.test.TestCaseExecutor$execute$2$1.invoke(TestCaseExecutor.kt)
	at io.kotest.engine.test.TestCaseExecutor$execute$2$1.invoke(TestCaseExecutor.kt)
	at io.kotest.engine.test.interceptors.TimeoutInterceptor.intercept(TimeoutInterceptor.kt:33)
	at io.kotest.engine.test.TestCaseExecutor$execute$2$1.invokeSuspend(TestCaseExecutor.kt:86)
	at io.kotest.engine.test.TestCaseExecutor$execute$2$1.invoke(TestCaseExecutor.kt)
	at io.kotest.engine.test.TestCaseExecutor$execute$2$1.invoke(TestCaseExecutor.kt)
	at io.kotest.engine.test.interceptors.BlockedThreadTimeoutInterceptor.intercept(BlockedThreadTimeoutInterceptor.kt:74)
	at io.kotest.engine.test.TestCaseExecutor$execute$2$1.invokeSuspend(TestCaseExecutor.kt:86)
	at io.kotest.engine.test.TestCaseExecutor$execute$2$1.invoke(TestCaseExecutor.kt)
	at io.kotest.engine.test.TestCaseExecutor$execute$2$1.invoke(TestCaseExecutor.kt)
	at io.kotest.engine.test.interceptors.CoroutineLoggingInterceptor.intercept(CoroutineLoggingInterceptor.kt:30)
	at io.kotest.engine.test.TestCaseExecutor$execute$2$1.invokeSuspend(TestCaseExecutor.kt:86)
	at io.kotest.engine.test.TestCaseExecutor$execute$2$1.invoke(TestCaseExecutor.kt)
	at io.kotest.engine.test.TestCaseExecutor$execute$2$1.invoke(TestCaseExecutor.kt)
	at io.kotest.engine.test.interceptors.SoftAssertInterceptor.intercept(SoftAssertInterceptor.kt:27)
	at io.kotest.engine.test.TestCaseExecutor$execute$2$1.invokeSuspend(TestCaseExecutor.kt:86)
	at io.kotest.engine.test.TestCaseExecutor$execute$2$1.invoke(TestCaseExecutor.kt)
	at io.kotest.engine.test.TestCaseExecutor$execute$2$1.invoke(TestCaseExecutor.kt)
	at io.kotest.engine.test.interceptors.AssertionModeInterceptor.intercept(AssertionModeInterceptor.kt:25)
	at io.kotest.engine.test.TestCaseExecutor$execute$2$1.invokeSuspend(TestCaseExecutor.kt:86)
	at io.kotest.engine.test.TestCaseExecutor$execute$2$1.invoke(TestCaseExecutor.kt)
	at io.kotest.engine.test.TestCaseExecutor$execute$2$1.invoke(TestCaseExecutor.kt)
	at io.kotest.engine.test.interceptors.LifecycleInterceptor.intercept(LifecycleInterceptor.kt:51)
	at io.kotest.engine.test.TestCaseExecutor$execute$2$1.invokeSuspend(TestCaseExecutor.kt:86)
	at io.kotest.engine.test.TestCaseExecutor$execute$2$1.invoke(TestCaseExecutor.kt)
	at io.kotest.engine.test.TestCaseExecutor$execute$2$1.invoke(TestCaseExecutor.kt)
	at io.kotest.engine.test.interceptors.EnabledCheckInterceptor.intercept(EnabledCheckInterceptor.kt:31)
	at io.kotest.engine.test.TestCaseExecutor$execute$2$1.invokeSuspend(TestCaseExecutor.kt:86)
	at io.kotest.engine.test.TestCaseExecutor$execute$2$1.invoke(TestCaseExecutor.kt)
	at io.kotest.engine.test.TestCaseExecutor$execute$2$1.invoke(TestCaseExecutor.kt)
	at io.kotest.engine.test.interceptors.TestCaseExtensionInterceptor$intercept$2.invokeSuspend(TestCaseExtensionInterceptor.kt:24)
	at io.kotest.engine.test.interceptors.TestCaseExtensionInterceptor$intercept$2.invoke(TestCaseExtensionInterceptor.kt)
	at io.kotest.engine.test.interceptors.TestCaseExtensionInterceptor$intercept$2.invoke(TestCaseExtensionInterceptor.kt)
	at io.kotest.engine.test.TestExtensions.intercept(TestExtensions.kt:154)
	at io.kotest.engine.test.interceptors.TestCaseExtensionInterceptor.intercept(TestCaseExtensionInterceptor.kt:24)
	at io.kotest.engine.test.TestCaseExecutor$execute$2$1.invokeSuspend(TestCaseExecutor.kt:86)
	at io.kotest.engine.test.TestCaseExecutor$execute$2$1.invoke(TestCaseExecutor.kt)
	at io.kotest.engine.test.TestCaseExecutor$execute$2$1.invoke(TestCaseExecutor.kt)
	at io.kotest.engine.test.interceptors.CoroutineErrorCollectorInterceptor$intercept$3.invokeSuspend(CoroutineErrorCollectorInterceptor.kt:28)
	at io.kotest.engine.test.interceptors.CoroutineErrorCollectorInterceptor$intercept$3.invoke(CoroutineErrorCollectorInterceptor.kt)
	at io.kotest.engine.test.interceptors.CoroutineErrorCollectorInterceptor$intercept$3.invoke(CoroutineErrorCollectorInterceptor.kt)
	at kotlinx.coroutines.intrinsics.UndispatchedKt.startUndispatchedOrReturn(Undispatched.kt:89)
	at kotlinx.coroutines.BuildersKt__Builders_commonKt.withContext(Builders.common.kt:166)
	at kotlinx.coroutines.BuildersKt.withContext(Unknown Source)
	at io.kotest.engine.test.interceptors.CoroutineErrorCollectorInterceptor.intercept(CoroutineErrorCollectorInterceptor.kt:27)
	at io.kotest.engine.test.TestCaseExecutor$execute$2$1.invokeSuspend(TestCaseExecutor.kt:86)
	at io.kotest.engine.test.TestCaseExecutor$execute$2$1.invoke(TestCaseExecutor.kt)
	at io.kotest.engine.test.TestCaseExecutor$execute$2$1.invoke(TestCaseExecutor.kt)
	at io.kotest.engine.test.interceptors.CoroutineDispatcherFactoryInterceptor$intercept$4.invokeSuspend(coroutineDispatcherFactoryInterceptor.kt:57)
	at io.kotest.engine.test.interceptors.CoroutineDispatcherFactoryInterceptor$intercept$4.invoke(coroutineDispatcherFactoryInterceptor.kt)
	at io.kotest.engine.test.interceptors.CoroutineDispatcherFactoryInterceptor$intercept$4.invoke(coroutineDispatcherFactoryInterceptor.kt)
	at io.kotest.engine.concurrency.FixedThreadCoroutineDispatcherFactory$withDispatcher$4.invokeSuspend(FixedThreadCoroutineDispatcherFactory.kt:53)
	at ???(Coroutine boundary.?(?)
	at kotlinx.coroutines.TimeoutKt.withTimeoutOrNull(Timeout.kt:100)
	at io.kotest.engine.test.interceptors.InvocationTimeoutInterceptor.intercept(InvocationTimeoutInterceptor.kt:42)
	at io.kotest.engine.test.TestCaseExecutor$execute$2$1.invokeSuspend(TestCaseExecutor.kt:86)
	at io.kotest.engine.test.TestInvocationInterceptor$intercept$2$3.invokeSuspend(TestInvocationInterceptor.kt:36)
	at io.kotest.mpp.ReplayKt.replay(replay.kt:18)
	at io.kotest.engine.test.TestInvocationInterceptor$intercept$2.invokeSuspend(TestInvocationInterceptor.kt:31)
	at io.kotest.engine.test.TestInvocationInterceptor.intercept(TestInvocationInterceptor.kt:30)
	at io.kotest.engine.test.TestCaseExecutor$execute$2$1.invokeSuspend(TestCaseExecutor.kt:86)
	at io.kotest.engine.test.interceptors.TimeoutInterceptor.intercept(TimeoutInterceptor.kt:33)
	at io.kotest.engine.test.TestCaseExecutor$execute$2$1.invokeSuspend(TestCaseExecutor.kt:86)
	at io.kotest.engine.test.interceptors.BlockedThreadTimeoutInterceptor.intercept(BlockedThreadTimeoutInterceptor.kt:74)
	at io.kotest.engine.test.TestCaseExecutor$execute$2$1.invokeSuspend(TestCaseExecutor.kt:86)
	at io.kotest.engine.test.interceptors.CoroutineLoggingInterceptor.intercept(CoroutineLoggingInterceptor.kt:30)
	at io.kotest.engine.test.TestCaseExecutor$execute$2$1.invokeSuspend(TestCaseExecutor.kt:86)
	at io.kotest.engine.test.interceptors.SoftAssertInterceptor.intercept(SoftAssertInterceptor.kt:27)
	at io.kotest.engine.test.TestCaseExecutor$execute$2$1.invokeSuspend(TestCaseExecutor.kt:86)
	at io.kotest.engine.test.interceptors.AssertionModeInterceptor.intercept(AssertionModeInterceptor.kt:25)
	at io.kotest.engine.test.TestCaseExecutor$execute$2$1.invokeSuspend(TestCaseExecutor.kt:86)
	at io.kotest.engine.test.interceptors.LifecycleInterceptor.intercept(LifecycleInterceptor.kt:51)
	at io.kotest.engine.test.TestCaseExecutor$execute$2$1.invokeSuspend(TestCaseExecutor.kt:86)
	at io.kotest.engine.test.interceptors.EnabledCheckInterceptor.intercept(EnabledCheckInterceptor.kt:31)
	at io.kotest.engine.test.TestCaseExecutor$execute$2$1.invokeSuspend(TestCaseExecutor.kt:86)
	at io.kotest.engine.test.interceptors.TestCaseExtensionInterceptor$intercept$2.invokeSuspend(TestCaseExtensionInterceptor.kt:24)
	at io.kotest.engine.test.TestCaseExecutor$execute$2$1.invokeSuspend(TestCaseExecutor.kt:86)
	at io.kotest.engine.test.interceptors.CoroutineErrorCollectorInterceptor$intercept$3.invokeSuspend(CoroutineErrorCollectorInterceptor.kt:28)
	at io.kotest.engine.test.TestCaseExecutor$execute$2$1.invokeSuspend(TestCaseExecutor.kt:86)
	at io.kotest.engine.test.interceptors.CoroutineDispatcherFactoryInterceptor$intercept$4.invokeSuspend(coroutineDispatcherFactoryInterceptor.kt:57)
	at io.kotest.engine.concurrency.FixedThreadCoroutineDispatcherFactory$withDispatcher$4.invokeSuspend(FixedThreadCoroutineDispatcherFactory.kt:53)
	at io.kotest.engine.test.TestCaseExecutor$execute$2$1.invokeSuspend(TestCaseExecutor.kt:86)
	at io.kotest.engine.test.interceptors.SupervisorScopeInterceptor$intercept$2.invokeSuspend(SupervisorScopeInterceptor.kt:23)
	at io.kotest.engine.test.TestCaseExecutor$execute$2$1.invokeSuspend(TestCaseExecutor.kt:86)
	at io.kotest.engine.test.TestCaseExecutor$execute$2$1.invokeSuspend(TestCaseExecutor.kt:86)
	at io.kotest.engine.test.interceptors.TestFinishedInterceptor.intercept(TestFinishedInterceptor.kt:21)
	at io.kotest.engine.test.TestCaseExecutor$execute$2$1.invokeSuspend(TestCaseExecutor.kt:86)
	at io.kotest.engine.spec.runners.SingleInstanceSpecRunner.runTest(SingleInstanceSpecRunner.kt:121)
	at io.kotest.engine.spec.runners.SingleInstanceSpecRunner$execute$interceptAndRun$2$2.invokeSuspend(SingleInstanceSpecRunner.kt:51)
	at io.kotest.engine.test.scheduler.SequentialTestScheduler$schedule$3$1$1.invokeSuspend(SequentialTestScheduler.kt:20)
Caused by: java.lang.AssertionError: Property failed after 1 attempts

	Arg 0: Euro(euro=9128411, cents=71) (shrunk from Euro(euro=9128401, cents=71))
	Arg 1: Euro(euro=7941287, cents=47)

Repeat this test by using seed 3470709490457146510

Caused by: 912841171 should be equal to 794128747
	at org.nljug.pbt.EuroPropertyBasedTest$1$3.invokeSuspend(EuroPropertyBasedTest.kt:47)
	at org.nljug.pbt.EuroPropertyBasedTest$1$3.invoke(EuroPropertyBasedTest.kt)
	at org.nljug.pbt.EuroPropertyBasedTest$1$3.invoke(EuroPropertyBasedTest.kt)
	at io.kotest.core.spec.style.scopes.StringSpecRootScope$invoke$1.invokeSuspend(StringSpecRootScope.kt:72)
	at io.kotest.core.spec.style.scopes.StringSpecRootScope$invoke$1.invoke(StringSpecRootScope.kt)
	at io.kotest.core.spec.style.scopes.StringSpecRootScope$invoke$1.invoke(StringSpecRootScope.kt)
	at io.kotest.core.spec.style.scopes.RootScopeKt$addTest$1.invokeSuspend(RootScope.kt:36)
	at io.kotest.core.spec.style.scopes.RootScopeKt$addTest$1.invoke(RootScope.kt)
	at io.kotest.core.spec.style.scopes.RootScopeKt$addTest$1.invoke(RootScope.kt)
	at io.kotest.engine.test.TestCaseExecutor$execute$innerExecute$1.invokeSuspend(TestCaseExecutor.kt:77)
	at io.kotest.engine.test.TestCaseExecutor$execute$innerExecute$1.invoke(TestCaseExecutor.kt)
	at io.kotest.engine.test.TestCaseExecutor$execute$innerExecute$1.invoke(TestCaseExecutor.kt)
	at io.kotest.engine.test.interceptors.CoroutineDebugProbeInterceptor.intercept(CoroutineDebugProbeInterceptor.kt:29)
	at io.kotest.engine.test.TestCaseExecutor$execute$2$1.invokeSuspend(TestCaseExecutor.kt:86)
	at io.kotest.engine.test.TestCaseExecutor$execute$2$1.invoke(TestCaseExecutor.kt)
	at io.kotest.engine.test.TestCaseExecutor$execute$2$1.invoke(TestCaseExecutor.kt)
	at io.kotest.engine.test.interceptors.InvocationTimeoutInterceptor$intercept$3.invokeSuspend(InvocationTimeoutInterceptor.kt:43)
	at io.kotest.engine.test.interceptors.InvocationTimeoutInterceptor$intercept$3.invoke(InvocationTimeoutInterceptor.kt)
	at io.kotest.engine.test.interceptors.InvocationTimeoutInterceptor$intercept$3.invoke(InvocationTimeoutInterceptor.kt)
	at kotlinx.coroutines.intrinsics.UndispatchedKt.startUndispatchedOrReturnIgnoreTimeout(Undispatched.kt:100)
	at kotlinx.coroutines.TimeoutKt.setupTimeout(Timeout.kt:146)
	at kotlinx.coroutines.TimeoutKt.withTimeoutOrNull(Timeout.kt:103)
	at io.kotest.engine.test.interceptors.InvocationTimeoutInterceptor.intercept(InvocationTimeoutInterceptor.kt:42)
	at io.kotest.engine.test.TestCaseExecutor$execute$2$1.invokeSuspend(TestCaseExecutor.kt:86)
	at io.kotest.engine.test.TestCaseExecutor$execute$2$1.invoke(TestCaseExecutor.kt)
	at io.kotest.engine.test.TestCaseExecutor$execute$2$1.invoke(TestCaseExecutor.kt)
	at io.kotest.engine.test.TestInvocationInterceptor$intercept$2$3.invokeSuspend(TestInvocationInterceptor.kt:36)
	at io.kotest.engine.test.TestInvocationInterceptor$intercept$2$3.invoke(TestInvocationInterceptor.kt)
	at io.kotest.engine.test.TestInvocationInterceptor$intercept$2$3.invoke(TestInvocationInterceptor.kt)
	at io.kotest.mpp.ReplayKt.replay(replay.kt:18)
	at io.kotest.engine.test.TestInvocationInterceptor$intercept$2.invokeSuspend(TestInvocationInterceptor.kt:31)
	at io.kotest.engine.test.TestInvocationInterceptor$intercept$2.invoke(TestInvocationInterceptor.kt)
	at io.kotest.engine.test.TestInvocationInterceptor$intercept$2.invoke(TestInvocationInterceptor.kt)
	at kotlinx.coroutines.intrinsics.UndispatchedKt.startUndispatchedOrReturn(Undispatched.kt:89)
	at kotlinx.coroutines.CoroutineScopeKt.coroutineScope(CoroutineScope.kt:264)
	at io.kotest.engine.test.TestInvocationInterceptor.intercept(TestInvocationInterceptor.kt:30)
	at io.kotest.engine.test.TestCaseExecutor$execute$2$1.invokeSuspend(TestCaseExecutor.kt:86)
	at io.kotest.engine.test.TestCaseExecutor$execute$2$1.invoke(TestCaseExecutor.kt)
	at io.kotest.engine.test.TestCaseExecutor$execute$2$1.invoke(TestCaseExecutor.kt)
	at io.kotest.engine.test.interceptors.TimeoutInterceptor.intercept(TimeoutInterceptor.kt:33)
	at io.kotest.engine.test.TestCaseExecutor$execute$2$1.invokeSuspend(TestCaseExecutor.kt:86)
	at io.kotest.engine.test.TestCaseExecutor$execute$2$1.invoke(TestCaseExecutor.kt)
	at io.kotest.engine.test.TestCaseExecutor$execute$2$1.invoke(TestCaseExecutor.kt)
	at io.kotest.engine.test.interceptors.BlockedThreadTimeoutInterceptor.intercept(BlockedThreadTimeoutInterceptor.kt:74)
	at io.kotest.engine.test.TestCaseExecutor$execute$2$1.invokeSuspend(TestCaseExecutor.kt:86)
	at io.kotest.engine.test.TestCaseExecutor$execute$2$1.invoke(TestCaseExecutor.kt)
	at io.kotest.engine.test.TestCaseExecutor$execute$2$1.invoke(TestCaseExecutor.kt)
	at io.kotest.engine.test.interceptors.CoroutineLoggingInterceptor.intercept(CoroutineLoggingInterceptor.kt:30)
	at io.kotest.engine.test.TestCaseExecutor$execute$2$1.invokeSuspend(TestCaseExecutor.kt:86)
	at io.kotest.engine.test.TestCaseExecutor$execute$2$1.invoke(TestCaseExecutor.kt)
	at io.kotest.engine.test.TestCaseExecutor$execute$2$1.invoke(TestCaseExecutor.kt)
	at io.kotest.engine.test.interceptors.SoftAssertInterceptor.intercept(SoftAssertInterceptor.kt:27)
	at io.kotest.engine.test.TestCaseExecutor$execute$2$1.invokeSuspend(TestCaseExecutor.kt:86)
	at io.kotest.engine.test.TestCaseExecutor$execute$2$1.invoke(TestCaseExecutor.kt)
	at io.kotest.engine.test.TestCaseExecutor$execute$2$1.invoke(TestCaseExecutor.kt)
	at io.kotest.engine.test.interceptors.AssertionModeInterceptor.intercept(AssertionModeInterceptor.kt:25)
	at io.kotest.engine.test.TestCaseExecutor$execute$2$1.invokeSuspend(TestCaseExecutor.kt:86)
	at io.kotest.engine.test.TestCaseExecutor$execute$2$1.invoke(TestCaseExecutor.kt)
	at io.kotest.engine.test.TestCaseExecutor$execute$2$1.invoke(TestCaseExecutor.kt)
	at io.kotest.engine.test.interceptors.LifecycleInterceptor.intercept(LifecycleInterceptor.kt:51)
	at io.kotest.engine.test.TestCaseExecutor$execute$2$1.invokeSuspend(TestCaseExecutor.kt:86)
	at io.kotest.engine.test.TestCaseExecutor$execute$2$1.invoke(TestCaseExecutor.kt)
	at io.kotest.engine.test.TestCaseExecutor$execute$2$1.invoke(TestCaseExecutor.kt)
	at io.kotest.engine.test.interceptors.EnabledCheckInterceptor.intercept(EnabledCheckInterceptor.kt:31)
	at io.kotest.engine.test.TestCaseExecutor$execute$2$1.invokeSuspend(TestCaseExecutor.kt:86)
	at io.kotest.engine.test.TestCaseExecutor$execute$2$1.invoke(TestCaseExecutor.kt)
	at io.kotest.engine.test.TestCaseExecutor$execute$2$1.invoke(TestCaseExecutor.kt)
	at io.kotest.engine.test.interceptors.TestCaseExtensionInterceptor$intercept$2.invokeSuspend(TestCaseExtensionInterceptor.kt:24)
	at io.kotest.engine.test.interceptors.TestCaseExtensionInterceptor$intercept$2.invoke(TestCaseExtensionInterceptor.kt)
	at io.kotest.engine.test.interceptors.TestCaseExtensionInterceptor$intercept$2.invoke(TestCaseExtensionInterceptor.kt)
	at io.kotest.engine.test.TestExtensions.intercept(TestExtensions.kt:154)
	at io.kotest.engine.test.interceptors.TestCaseExtensionInterceptor.intercept(TestCaseExtensionInterceptor.kt:24)
	at io.kotest.engine.test.TestCaseExecutor$execute$2$1.invokeSuspend(TestCaseExecutor.kt:86)
	at io.kotest.engine.test.TestCaseExecutor$execute$2$1.invoke(TestCaseExecutor.kt)
	at io.kotest.engine.test.TestCaseExecutor$execute$2$1.invoke(TestCaseExecutor.kt)
	at io.kotest.engine.test.interceptors.CoroutineErrorCollectorInterceptor$intercept$3.invokeSuspend(CoroutineErrorCollectorInterceptor.kt:28)
	at io.kotest.engine.test.interceptors.CoroutineErrorCollectorInterceptor$intercept$3.invoke(CoroutineErrorCollectorInterceptor.kt)
	at io.kotest.engine.test.interceptors.CoroutineErrorCollectorInterceptor$intercept$3.invoke(CoroutineErrorCollectorInterceptor.kt)
	at kotlinx.coroutines.intrinsics.UndispatchedKt.startUndispatchedOrReturn(Undispatched.kt:89)
	at kotlinx.coroutines.BuildersKt__Builders_commonKt.withContext(Builders.common.kt:166)
	at kotlinx.coroutines.BuildersKt.withContext(Unknown Source)
	at io.kotest.engine.test.interceptors.CoroutineErrorCollectorInterceptor.intercept(CoroutineErrorCollectorInterceptor.kt:27)
	at io.kotest.engine.test.TestCaseExecutor$execute$2$1.invokeSuspend(TestCaseExecutor.kt:86)
	at io.kotest.engine.test.TestCaseExecutor$execute$2$1.invoke(TestCaseExecutor.kt)
	at io.kotest.engine.test.TestCaseExecutor$execute$2$1.invoke(TestCaseExecutor.kt)
	at io.kotest.engine.test.interceptors.CoroutineDispatcherFactoryInterceptor$intercept$4.invokeSuspend(coroutineDispatcherFactoryInterceptor.kt:57)
	at io.kotest.engine.test.interceptors.CoroutineDispatcherFactoryInterceptor$intercept$4.invoke(coroutineDispatcherFactoryInterceptor.kt)
	at io.kotest.engine.test.interceptors.CoroutineDispatcherFactoryInterceptor$intercept$4.invoke(coroutineDispatcherFactoryInterceptor.kt)
	at io.kotest.engine.concurrency.FixedThreadCoroutineDispatcherFactory$withDispatcher$4.invokeSuspend(FixedThreadCoroutineDispatcherFactory.kt:53)
	at kotlin.coroutines.jvm.internal.BaseContinuationImpl.resumeWith(ContinuationImpl.kt:33)
	at kotlinx.coroutines.DispatchedTask.run(DispatchedTask.kt:106)
	at java.base/java.util.concurrent.ThreadPoolExecutor.runWorker(ThreadPoolExecutor.java:1136)
	at java.base/java.util.concurrent.ThreadPoolExecutor$Worker.run(ThreadPoolExecutor.java:635)
	at java.base/java.lang.Thread.run(Thread.java:833)
Caused by: java.lang.AssertionError: 912840171 should be equal to 794128747
	at org.nljug.pbt.EuroPropertyBasedTest$1.invoke$shouldBe(EuroPropertyBasedTest.kt:13)
	at org.nljug.pbt.EuroPropertyBasedTest$1.access$invoke$shouldBe(EuroPropertyBasedTest.kt:11)
	at org.nljug.pbt.EuroPropertyBasedTest$1$3$1.invokeSuspend(EuroPropertyBasedTest.kt:48)
	at org.nljug.pbt.EuroPropertyBasedTest$1$3$1.invoke(EuroPropertyBasedTest.kt)
	at org.nljug.pbt.EuroPropertyBasedTest$1$3$1.invoke(EuroPropertyBasedTest.kt)
	at io.kotest.property.internal.ProptestKt$proptest$8$2.invokeSuspend(proptest.kt:122)
	at io.kotest.property.internal.ProptestKt$proptest$8$2.invoke(proptest.kt)
	at io.kotest.property.internal.ProptestKt$proptest$8$2.invoke(proptest.kt)
	at io.kotest.property.internal.TestKt.test(test.kt:41)
	at io.kotest.property.internal.ProptestKt.proptest(proptest.kt:114)
	at io.kotest.property.PropertyTest2Kt.checkAll(propertyTest2.kt:13)
	... 94 more
</pre>
</span>
</div>
</div>
<div id="tab1" class="tab">
<h2>Tests</h2>
<table>
<thead>
<tr>
<th>Test</th>
<th>Duration</th>
<th>Result</th>
</tr>
</thead>
<tr>
<td class="failures">Sum of Euros is equal to the separate Euros</td>
<td class="failures">0.040s</td>
<td class="failures">failed</td>
</tr>
<tr>
<td class="failures">Sum of positive Euros is equal to the separate Euros (with custom arb)</td>
<td class="failures">0.003s</td>
<td class="failures">failed</td>
</tr>
<tr>
<td class="failures">Sum of positive Euros is equal to the separate Euros (with custom shrinking arb)</td>
<td class="failures">0.177s</td>
<td class="failures">failed</td>
</tr>
</table>
</div>
<div id="tab2" class="tab">
<h2>Standard output</h2>
<span class="code">
<pre>Property test failed for inputs

0) 2114472374
1) 465781412

Caused by java.lang.AssertionError: 2114472374 should be equal to 465781412 at
	org.nljug.pbt.EuroPropertyBasedTest$1.invoke$shouldBe(EuroPropertyBasedTest.kt:13)
	org.nljug.pbt.EuroPropertyBasedTest$1.access$invoke$shouldBe(EuroPropertyBasedTest.kt:11)
	org.nljug.pbt.EuroPropertyBasedTest$1$1$1.invokeSuspend(EuroPropertyBasedTest.kt:17)
	org.nljug.pbt.EuroPropertyBasedTest$1$1$1.invoke(EuroPropertyBasedTest.kt)

Attempting to shrink arg 2114472374
Shrink #1: 1 fail
Shrink result (after 1 shrinks) =&gt; 1

Caused by java.lang.AssertionError: 1 should be equal to 465781412 at
	org.nljug.pbt.EuroPropertyBasedTest$1.invoke$shouldBe(EuroPropertyBasedTest.kt:13)
	org.nljug.pbt.EuroPropertyBasedTest$1.access$invoke$shouldBe(EuroPropertyBasedTest.kt:11)
	org.nljug.pbt.EuroPropertyBasedTest$1$1$1.invokeSuspend(EuroPropertyBasedTest.kt:17)
	org.nljug.pbt.EuroPropertyBasedTest$1$1$1.invoke(EuroPropertyBasedTest.kt)

Attempting to shrink arg 465781412
Shrink #1: 1 pass
Shrink #2: 155260470 fail
Shrink #3: 51753490 fail
Shrink #4: 17251163 fail
Shrink #5: 5750387 fail
Shrink #6: 1916795 fail
Shrink #7: 638931 fail
Shrink #8: 212977 fail
Shrink #9: 70992 fail
Shrink #10: 23664 fail
Shrink #11: 7888 fail
Shrink #12: 2629 fail
Shrink #13: 876 fail
Shrink #14: 292 fail
Shrink #15: 97 fail
Shrink #16: 32 fail
Shrink #17: 10 fail
Shrink #18: 3 fail
Shrink #19: 2 fail
Shrink result (after 19 shrinks) =&gt; 2

Caused by java.lang.AssertionError: 1 should be equal to 2 at
	org.nljug.pbt.EuroPropertyBasedTest$1.invoke$shouldBe(EuroPropertyBasedTest.kt:13)
	org.nljug.pbt.EuroPropertyBasedTest$1.access$invoke$shouldBe(EuroPropertyBasedTest.kt:11)
	org.nljug.pbt.EuroPropertyBasedTest$1$1$1.invokeSuspend(EuroPropertyBasedTest.kt:17)
	org.nljug.pbt.EuroPropertyBasedTest$1$1$1.invoke(EuroPropertyBasedTest.kt)

Property test failed for inputs

0) Euro(euro=19793845, cents=6)
1) Euro(euro=12928877, cents=53)

Caused by java.lang.AssertionError: 1979384506 should be equal to 1292887753 at
	org.nljug.pbt.EuroPropertyBasedTest$1.invoke$shouldBe(EuroPropertyBasedTest.kt:13)
	org.nljug.pbt.EuroPropertyBasedTest$1.access$invoke$shouldBe(EuroPropertyBasedTest.kt:11)
	org.nljug.pbt.EuroPropertyBasedTest$1$2$1.invokeSuspend(EuroPropertyBasedTest.kt:28)
	org.nljug.pbt.EuroPropertyBasedTest$1$2$1.invoke(EuroPropertyBasedTest.kt)

Property test failed for inputs

0) Euro(euro=9128401, cents=71)
1) Euro(euro=7941287, cents=47)

Caused by java.lang.AssertionError: 912840171 should be equal to 794128747 at
	org.nljug.pbt.EuroPropertyBasedTest$1.invoke$shouldBe(EuroPropertyBasedTest.kt:13)
	org.nljug.pbt.EuroPropertyBasedTest$1.access$invoke$shouldBe(EuroPropertyBasedTest.kt:11)
	org.nljug.pbt.EuroPropertyBasedTest$1$3$1.invokeSuspend(EuroPropertyBasedTest.kt:48)
	org.nljug.pbt.EuroPropertyBasedTest$1$3$1.invoke(EuroPropertyBasedTest.kt)

Attempting to shrink arg Euro(euro=9128401, cents=71)
Shrink #1: Euro(euro=9128401, cents=72) fail
Shrink #2: Euro(euro=9128401, cents=73) fail
Shrink #3: Euro(euro=9128401, cents=74) fail
Shrink #4: Euro(euro=9128401, cents=75) fail
Shrink #5: Euro(euro=9128401, cents=76) fail
Shrink #6: Euro(euro=9128401, cents=77) fail
Shrink #7: Euro(euro=9128401, cents=78) fail
Shrink #8: Euro(euro=9128401, cents=79) fail
Shrink #9: Euro(euro=9128401, cents=80) fail
Shrink #10: Euro(euro=9128401, cents=81) fail
Shrink #11: Euro(euro=9128401, cents=82) fail
Shrink #12: Euro(euro=9128401, cents=83) fail
Shrink #13: Euro(euro=9128401, cents=84) fail
Shrink #14: Euro(euro=9128401, cents=85) fail
Shrink #15: Euro(euro=9128401, cents=86) fail
Shrink #16: Euro(euro=9128401, cents=87) fail
Shrink #17: Euro(euro=9128401, cents=88) fail
Shrink #18: Euro(euro=9128401, cents=89) fail
Shrink #19: Euro(euro=9128401, cents=90) fail
Shrink #20: Euro(euro=9128401, cents=91) fail
Shrink #21: Euro(euro=9128401, cents=92) fail
Shrink #22: Euro(euro=9128401, cents=93) fail
Shrink #23: Euro(euro=9128401, cents=94) fail
Shrink #24: Euro(euro=9128401, cents=95) fail
Shrink #25: Euro(euro=9128401, cents=96) fail
Shrink #26: Euro(euro=9128401, cents=97) fail
Shrink #27: Euro(euro=9128401, cents=98) fail
Shrink #28: Euro(euro=9128401, cents=99) fail
Shrink #29: Euro(euro=9128402, cents=0) fail
Shrink #30: Euro(euro=9128402, cents=1) fail
Shrink #31: Euro(euro=9128402, cents=2) fail
Shrink #32: Euro(euro=9128402, cents=3) fail
Shrink #33: Euro(euro=9128402, cents=4) fail
Shrink #34: Euro(euro=9128402, cents=5) fail
Shrink #35: Euro(euro=9128402, cents=6) fail
Shrink #36: Euro(euro=9128402, cents=7) fail
Shrink #37: Euro(euro=9128402, cents=8) fail
Shrink #38: Euro(euro=9128402, cents=9) fail
Shrink #39: Euro(euro=9128402, cents=10) fail
Shrink #40: Euro(euro=9128402, cents=11) fail
Shrink #41: Euro(euro=9128402, cents=12) fail
Shrink #42: Euro(euro=9128402, cents=13) fail
Shrink #43: Euro(euro=9128402, cents=14) fail
Shrink #44: Euro(euro=9128402, cents=15) fail
Shrink #45: Euro(euro=9128402, cents=16) fail
Shrink #46: Euro(euro=9128402, cents=17) fail
Shrink #47: Euro(euro=9128402, cents=18) fail
Shrink #48: Euro(euro=9128402, cents=19) fail
Shrink #49: Euro(euro=9128402, cents=20) fail
Shrink #50: Euro(euro=9128402, cents=21) fail
Shrink #51: Euro(euro=9128402, cents=22) fail
Shrink #52: Euro(euro=9128402, cents=23) fail
Shrink #53: Euro(euro=9128402, cents=24) fail
Shrink #54: Euro(euro=9128402, cents=25) fail
Shrink #55: Euro(euro=9128402, cents=26) fail
Shrink #56: Euro(euro=9128402, cents=27) fail
Shrink #57: Euro(euro=9128402, cents=28) fail
Shrink #58: Euro(euro=9128402, cents=29) fail
Shrink #59: Euro(euro=9128402, cents=30) fail
Shrink #60: Euro(euro=9128402, cents=31) fail
Shrink #61: Euro(euro=9128402, cents=32) fail
Shrink #62: Euro(euro=9128402, cents=33) fail
Shrink #63: Euro(euro=9128402, cents=34) fail
Shrink #64: Euro(euro=9128402, cents=35) fail
Shrink #65: Euro(euro=9128402, cents=36) fail
Shrink #66: Euro(euro=9128402, cents=37) fail
Shrink #67: Euro(euro=9128402, cents=38) fail
Shrink #68: Euro(euro=9128402, cents=39) fail
Shrink #69: Euro(euro=9128402, cents=40) fail
Shrink #70: Euro(euro=9128402, cents=41) fail
Shrink #71: Euro(euro=9128402, cents=42) fail
Shrink #72: Euro(euro=9128402, cents=43) fail
Shrink #73: Euro(euro=9128402, cents=44) fail
Shrink #74: Euro(euro=9128402, cents=45) fail
Shrink #75: Euro(euro=9128402, cents=46) fail
Shrink #76: Euro(euro=9128402, cents=47) fail
Shrink #77: Euro(euro=9128402, cents=48) fail
Shrink #78: Euro(euro=9128402, cents=49) fail
Shrink #79: Euro(euro=9128402, cents=50) fail
Shrink #80: Euro(euro=9128402, cents=51) fail
Shrink #81: Euro(euro=9128402, cents=52) fail
Shrink #82: Euro(euro=9128402, cents=53) fail
Shrink #83: Euro(euro=9128402, cents=54) fail
Shrink #84: Euro(euro=9128402, cents=55) fail
Shrink #85: Euro(euro=9128402, cents=56) fail
Shrink #86: Euro(euro=9128402, cents=57) fail
Shrink #87: Euro(euro=9128402, cents=58) fail
Shrink #88: Euro(euro=9128402, cents=59) fail
Shrink #89: Euro(euro=9128402, cents=60) fail
Shrink #90: Euro(euro=9128402, cents=61) fail
Shrink #91: Euro(euro=9128402, cents=62) fail
Shrink #92: Euro(euro=9128402, cents=63) fail
Shrink #93: Euro(euro=9128402, cents=64) fail
Shrink #94: Euro(euro=9128402, cents=65) fail
Shrink #95: Euro(euro=9128402, cents=66) fail
Shrink #96: Euro(euro=9128402, cents=67) fail
Shrink #97: Euro(euro=9128402, cents=68) fail
Shrink #98: Euro(euro=9128402, cents=69) fail
Shrink #99: Euro(euro=9128402, cents=70) fail
Shrink #100: Euro(euro=9128402, cents=71) fail
Shrink #101: Euro(euro=9128402, cents=72) fail
Shrink #102: Euro(euro=9128402, cents=73) fail
Shrink #103: Euro(euro=9128402, cents=74) fail
Shrink #104: Euro(euro=9128402, cents=75) fail
Shrink #105: Euro(euro=9128402, cents=76) fail
Shrink #106: Euro(euro=9128402, cents=77) fail
Shrink #107: Euro(euro=9128402, cents=78) fail
Shrink #108: Euro(euro=9128402, cents=79) fail
Shrink #109: Euro(euro=9128402, cents=80) fail
Shrink #110: Euro(euro=9128402, cents=81) fail
Shrink #111: Euro(euro=9128402, cents=82) fail
Shrink #112: Euro(euro=9128402, cents=83) fail
Shrink #113: Euro(euro=9128402, cents=84) fail
Shrink #114: Euro(euro=9128402, cents=85) fail
Shrink #115: Euro(euro=9128402, cents=86) fail
Shrink #116: Euro(euro=9128402, cents=87) fail
Shrink #117: Euro(euro=9128402, cents=88) fail
Shrink #118: Euro(euro=9128402, cents=89) fail
Shrink #119: Euro(euro=9128402, cents=90) fail
Shrink #120: Euro(euro=9128402, cents=91) fail
Shrink #121: Euro(euro=9128402, cents=92) fail
Shrink #122: Euro(euro=9128402, cents=93) fail
Shrink #123: Euro(euro=9128402, cents=94) fail
Shrink #124: Euro(euro=9128402, cents=95) fail
Shrink #125: Euro(euro=9128402, cents=96) fail
Shrink #126: Euro(euro=9128402, cents=97) fail
Shrink #127: Euro(euro=9128402, cents=98) fail
Shrink #128: Euro(euro=9128402, cents=99) fail
Shrink #129: Euro(euro=9128403, cents=0) fail
Shrink #130: Euro(euro=9128403, cents=1) fail
Shrink #131: Euro(euro=9128403, cents=2) fail
Shrink #132: Euro(euro=9128403, cents=3) fail
Shrink #133: Euro(euro=9128403, cents=4) fail
Shrink #134: Euro(euro=9128403, cents=5) fail
Shrink #135: Euro(euro=9128403, cents=6) fail
Shrink #136: Euro(euro=9128403, cents=7) fail
Shrink #137: Euro(euro=9128403, cents=8) fail
Shrink #138: Euro(euro=9128403, cents=9) fail
Shrink #139: Euro(euro=9128403, cents=10) fail
Shrink #140: Euro(euro=9128403, cents=11) fail
Shrink #141: Euro(euro=9128403, cents=12) fail
Shrink #142: Euro(euro=9128403, cents=13) fail
Shrink #143: Euro(euro=9128403, cents=14) fail
Shrink #144: Euro(euro=9128403, cents=15) fail
Shrink #145: Euro(euro=9128403, cents=16) fail
Shrink #146: Euro(euro=9128403, cents=17) fail
Shrink #147: Euro(euro=9128403, cents=18) fail
Shrink #148: Euro(euro=9128403, cents=19) fail
Shrink #149: Euro(euro=9128403, cents=20) fail
Shrink #150: Euro(euro=9128403, cents=21) fail
Shrink #151: Euro(euro=9128403, cents=22) fail
Shrink #152: Euro(euro=9128403, cents=23) fail
Shrink #153: Euro(euro=9128403, cents=24) fail
Shrink #154: Euro(euro=9128403, cents=25) fail
Shrink #155: Euro(euro=9128403, cents=26) fail
Shrink #156: Euro(euro=9128403, cents=27) fail
Shrink #157: Euro(euro=9128403, cents=28) fail
Shrink #158: Euro(euro=9128403, cents=29) fail
Shrink #159: Euro(euro=9128403, cents=30) fail
Shrink #160: Euro(euro=9128403, cents=31) fail
Shrink #161: Euro(euro=9128403, cents=32) fail
Shrink #162: Euro(euro=9128403, cents=33) fail
Shrink #163: Euro(euro=9128403, cents=34) fail
Shrink #164: Euro(euro=9128403, cents=35) fail
Shrink #165: Euro(euro=9128403, cents=36) fail
Shrink #166: Euro(euro=9128403, cents=37) fail
Shrink #167: Euro(euro=9128403, cents=38) fail
Shrink #168: Euro(euro=9128403, cents=39) fail
Shrink #169: Euro(euro=9128403, cents=40) fail
Shrink #170: Euro(euro=9128403, cents=41) fail
Shrink #171: Euro(euro=9128403, cents=42) fail
Shrink #172: Euro(euro=9128403, cents=43) fail
Shrink #173: Euro(euro=9128403, cents=44) fail
Shrink #174: Euro(euro=9128403, cents=45) fail
Shrink #175: Euro(euro=9128403, cents=46) fail
Shrink #176: Euro(euro=9128403, cents=47) fail
Shrink #177: Euro(euro=9128403, cents=48) fail
Shrink #178: Euro(euro=9128403, cents=49) fail
Shrink #179: Euro(euro=9128403, cents=50) fail
Shrink #180: Euro(euro=9128403, cents=51) fail
Shrink #181: Euro(euro=9128403, cents=52) fail
Shrink #182: Euro(euro=9128403, cents=53) fail
Shrink #183: Euro(euro=9128403, cents=54) fail
Shrink #184: Euro(euro=9128403, cents=55) fail
Shrink #185: Euro(euro=9128403, cents=56) fail
Shrink #186: Euro(euro=9128403, cents=57) fail
Shrink #187: Euro(euro=9128403, cents=58) fail
Shrink #188: Euro(euro=9128403, cents=59) fail
Shrink #189: Euro(euro=9128403, cents=60) fail
Shrink #190: Euro(euro=9128403, cents=61) fail
Shrink #191: Euro(euro=9128403, cents=62) fail
Shrink #192: Euro(euro=9128403, cents=63) fail
Shrink #193: Euro(euro=9128403, cents=64) fail
Shrink #194: Euro(euro=9128403, cents=65) fail
Shrink #195: Euro(euro=9128403, cents=66) fail
Shrink #196: Euro(euro=9128403, cents=67) fail
Shrink #197: Euro(euro=9128403, cents=68) fail
Shrink #198: Euro(euro=9128403, cents=69) fail
Shrink #199: Euro(euro=9128403, cents=70) fail
Shrink #200: Euro(euro=9128403, cents=71) fail
Shrink #201: Euro(euro=9128403, cents=72) fail
Shrink #202: Euro(euro=9128403, cents=73) fail
Shrink #203: Euro(euro=9128403, cents=74) fail
Shrink #204: Euro(euro=9128403, cents=75) fail
Shrink #205: Euro(euro=9128403, cents=76) fail
Shrink #206: Euro(euro=9128403, cents=77) fail
Shrink #207: Euro(euro=9128403, cents=78) fail
Shrink #208: Euro(euro=9128403, cents=79) fail
Shrink #209: Euro(euro=9128403, cents=80) fail
Shrink #210: Euro(euro=9128403, cents=81) fail
Shrink #211: Euro(euro=9128403, cents=82) fail
Shrink #212: Euro(euro=9128403, cents=83) fail
Shrink #213: Euro(euro=9128403, cents=84) fail
Shrink #214: Euro(euro=9128403, cents=85) fail
Shrink #215: Euro(euro=9128403, cents=86) fail
Shrink #216: Euro(euro=9128403, cents=87) fail
Shrink #217: Euro(euro=9128403, cents=88) fail
Shrink #218: Euro(euro=9128403, cents=89) fail
Shrink #219: Euro(euro=9128403, cents=90) fail
Shrink #220: Euro(euro=9128403, cents=91) fail
Shrink #221: Euro(euro=9128403, cents=92) fail
Shrink #222: Euro(euro=9128403, cents=93) fail
Shrink #223: Euro(euro=9128403, cents=94) fail
Shrink #224: Euro(euro=9128403, cents=95) fail
Shrink #225: Euro(euro=9128403, cents=96) fail
Shrink #226: Euro(euro=9128403, cents=97) fail
Shrink #227: Euro(euro=9128403, cents=98) fail
Shrink #228: Euro(euro=9128403, cents=99) fail
Shrink #229: Euro(euro=9128404, cents=0) fail
Shrink #230: Euro(euro=9128404, cents=1) fail
Shrink #231: Euro(euro=9128404, cents=2) fail
Shrink #232: Euro(euro=9128404, cents=3) fail
Shrink #233: Euro(euro=9128404, cents=4) fail
Shrink #234: Euro(euro=9128404, cents=5) fail
Shrink #235: Euro(euro=9128404, cents=6) fail
Shrink #236: Euro(euro=9128404, cents=7) fail
Shrink #237: Euro(euro=9128404, cents=8) fail
Shrink #238: Euro(euro=9128404, cents=9) fail
Shrink #239: Euro(euro=9128404, cents=10) fail
Shrink #240: Euro(euro=9128404, cents=11) fail
Shrink #241: Euro(euro=9128404, cents=12) fail
Shrink #242: Euro(euro=9128404, cents=13) fail
Shrink #243: Euro(euro=9128404, cents=14) fail
Shrink #244: Euro(euro=9128404, cents=15) fail
Shrink #245: Euro(euro=9128404, cents=16) fail
Shrink #246: Euro(euro=9128404, cents=17) fail
Shrink #247: Euro(euro=9128404, cents=18) fail
Shrink #248: Euro(euro=9128404, cents=19) fail
Shrink #249: Euro(euro=9128404, cents=20) fail
Shrink #250: Euro(euro=9128404, cents=21) fail
Shrink #251: Euro(euro=9128404, cents=22) fail
Shrink #252: Euro(euro=9128404, cents=23) fail
Shrink #253: Euro(euro=9128404, cents=24) fail
Shrink #254: Euro(euro=9128404, cents=25) fail
Shrink #255: Euro(euro=9128404, cents=26) fail
Shrink #256: Euro(euro=9128404, cents=27) fail
Shrink #257: Euro(euro=9128404, cents=28) fail
Shrink #258: Euro(euro=9128404, cents=29) fail
Shrink #259: Euro(euro=9128404, cents=30) fail
Shrink #260: Euro(euro=9128404, cents=31) fail
Shrink #261: Euro(euro=9128404, cents=32) fail
Shrink #262: Euro(euro=9128404, cents=33) fail
Shrink #263: Euro(euro=9128404, cents=34) fail
Shrink #264: Euro(euro=9128404, cents=35) fail
Shrink #265: Euro(euro=9128404, cents=36) fail
Shrink #266: Euro(euro=9128404, cents=37) fail
Shrink #267: Euro(euro=9128404, cents=38) fail
Shrink #268: Euro(euro=9128404, cents=39) fail
Shrink #269: Euro(euro=9128404, cents=40) fail
Shrink #270: Euro(euro=9128404, cents=41) fail
Shrink #271: Euro(euro=9128404, cents=42) fail
Shrink #272: Euro(euro=9128404, cents=43) fail
Shrink #273: Euro(euro=9128404, cents=44) fail
Shrink #274: Euro(euro=9128404, cents=45) fail
Shrink #275: Euro(euro=9128404, cents=46) fail
Shrink #276: Euro(euro=9128404, cents=47) fail
Shrink #277: Euro(euro=9128404, cents=48) fail
Shrink #278: Euro(euro=9128404, cents=49) fail
Shrink #279: Euro(euro=9128404, cents=50) fail
Shrink #280: Euro(euro=9128404, cents=51) fail
Shrink #281: Euro(euro=9128404, cents=52) fail
Shrink #282: Euro(euro=9128404, cents=53) fail
Shrink #283: Euro(euro=9128404, cents=54) fail
Shrink #284: Euro(euro=9128404, cents=55) fail
Shrink #285: Euro(euro=9128404, cents=56) fail
Shrink #286: Euro(euro=9128404, cents=57) fail
Shrink #287: Euro(euro=9128404, cents=58) fail
Shrink #288: Euro(euro=9128404, cents=59) fail
Shrink #289: Euro(euro=9128404, cents=60) fail
Shrink #290: Euro(euro=9128404, cents=61) fail
Shrink #291: Euro(euro=9128404, cents=62) fail
Shrink #292: Euro(euro=9128404, cents=63) fail
Shrink #293: Euro(euro=9128404, cents=64) fail
Shrink #294: Euro(euro=9128404, cents=65) fail
Shrink #295: Euro(euro=9128404, cents=66) fail
Shrink #296: Euro(euro=9128404, cents=67) fail
Shrink #297: Euro(euro=9128404, cents=68) fail
Shrink #298: Euro(euro=9128404, cents=69) fail
Shrink #299: Euro(euro=9128404, cents=70) fail
Shrink #300: Euro(euro=9128404, cents=71) fail
Shrink #301: Euro(euro=9128404, cents=72) fail
Shrink #302: Euro(euro=9128404, cents=73) fail
Shrink #303: Euro(euro=9128404, cents=74) fail
Shrink #304: Euro(euro=9128404, cents=75) fail
Shrink #305: Euro(euro=9128404, cents=76) fail
Shrink #306: Euro(euro=9128404, cents=77) fail
Shrink #307: Euro(euro=9128404, cents=78) fail
Shrink #308: Euro(euro=9128404, cents=79) fail
Shrink #309: Euro(euro=9128404, cents=80) fail
Shrink #310: Euro(euro=9128404, cents=81) fail
Shrink #311: Euro(euro=9128404, cents=82) fail
Shrink #312: Euro(euro=9128404, cents=83) fail
Shrink #313: Euro(euro=9128404, cents=84) fail
Shrink #314: Euro(euro=9128404, cents=85) fail
Shrink #315: Euro(euro=9128404, cents=86) fail
Shrink #316: Euro(euro=9128404, cents=87) fail
Shrink #317: Euro(euro=9128404, cents=88) fail
Shrink #318: Euro(euro=9128404, cents=89) fail
Shrink #319: Euro(euro=9128404, cents=90) fail
Shrink #320: Euro(euro=9128404, cents=91) fail
Shrink #321: Euro(euro=9128404, cents=92) fail
Shrink #322: Euro(euro=9128404, cents=93) fail
Shrink #323: Euro(euro=9128404, cents=94) fail
Shrink #324: Euro(euro=9128404, cents=95) fail
Shrink #325: Euro(euro=9128404, cents=96) fail
Shrink #326: Euro(euro=9128404, cents=97) fail
Shrink #327: Euro(euro=9128404, cents=98) fail
Shrink #328: Euro(euro=9128404, cents=99) fail
Shrink #329: Euro(euro=9128405, cents=0) fail
Shrink #330: Euro(euro=9128405, cents=1) fail
Shrink #331: Euro(euro=9128405, cents=2) fail
Shrink #332: Euro(euro=9128405, cents=3) fail
Shrink #333: Euro(euro=9128405, cents=4) fail
Shrink #334: Euro(euro=9128405, cents=5) fail
Shrink #335: Euro(euro=9128405, cents=6) fail
Shrink #336: Euro(euro=9128405, cents=7) fail
Shrink #337: Euro(euro=9128405, cents=8) fail
Shrink #338: Euro(euro=9128405, cents=9) fail
Shrink #339: Euro(euro=9128405, cents=10) fail
Shrink #340: Euro(euro=9128405, cents=11) fail
Shrink #341: Euro(euro=9128405, cents=12) fail
Shrink #342: Euro(euro=9128405, cents=13) fail
Shrink #343: Euro(euro=9128405, cents=14) fail
Shrink #344: Euro(euro=9128405, cents=15) fail
Shrink #345: Euro(euro=9128405, cents=16) fail
Shrink #346: Euro(euro=9128405, cents=17) fail
Shrink #347: Euro(euro=9128405, cents=18) fail
Shrink #348: Euro(euro=9128405, cents=19) fail
Shrink #349: Euro(euro=9128405, cents=20) fail
Shrink #350: Euro(euro=9128405, cents=21) fail
Shrink #351: Euro(euro=9128405, cents=22) fail
Shrink #352: Euro(euro=9128405, cents=23) fail
Shrink #353: Euro(euro=9128405, cents=24) fail
Shrink #354: Euro(euro=9128405, cents=25) fail
Shrink #355: Euro(euro=9128405, cents=26) fail
Shrink #356: Euro(euro=9128405, cents=27) fail
Shrink #357: Euro(euro=9128405, cents=28) fail
Shrink #358: Euro(euro=9128405, cents=29) fail
Shrink #359: Euro(euro=9128405, cents=30) fail
Shrink #360: Euro(euro=9128405, cents=31) fail
Shrink #361: Euro(euro=9128405, cents=32) fail
Shrink #362: Euro(euro=9128405, cents=33) fail
Shrink #363: Euro(euro=9128405, cents=34) fail
Shrink #364: Euro(euro=9128405, cents=35) fail
Shrink #365: Euro(euro=9128405, cents=36) fail
Shrink #366: Euro(euro=9128405, cents=37) fail
Shrink #367: Euro(euro=9128405, cents=38) fail
Shrink #368: Euro(euro=9128405, cents=39) fail
Shrink #369: Euro(euro=9128405, cents=40) fail
Shrink #370: Euro(euro=9128405, cents=41) fail
Shrink #371: Euro(euro=9128405, cents=42) fail
Shrink #372: Euro(euro=9128405, cents=43) fail
Shrink #373: Euro(euro=9128405, cents=44) fail
Shrink #374: Euro(euro=9128405, cents=45) fail
Shrink #375: Euro(euro=9128405, cents=46) fail
Shrink #376: Euro(euro=9128405, cents=47) fail
Shrink #377: Euro(euro=9128405, cents=48) fail
Shrink #378: Euro(euro=9128405, cents=49) fail
Shrink #379: Euro(euro=9128405, cents=50) fail
Shrink #380: Euro(euro=9128405, cents=51) fail
Shrink #381: Euro(euro=9128405, cents=52) fail
Shrink #382: Euro(euro=9128405, cents=53) fail
Shrink #383: Euro(euro=9128405, cents=54) fail
Shrink #384: Euro(euro=9128405, cents=55) fail
Shrink #385: Euro(euro=9128405, cents=56) fail
Shrink #386: Euro(euro=9128405, cents=57) fail
Shrink #387: Euro(euro=9128405, cents=58) fail
Shrink #388: Euro(euro=9128405, cents=59) fail
Shrink #389: Euro(euro=9128405, cents=60) fail
Shrink #390: Euro(euro=9128405, cents=61) fail
Shrink #391: Euro(euro=9128405, cents=62) fail
Shrink #392: Euro(euro=9128405, cents=63) fail
Shrink #393: Euro(euro=9128405, cents=64) fail
Shrink #394: Euro(euro=9128405, cents=65) fail
Shrink #395: Euro(euro=9128405, cents=66) fail
Shrink #396: Euro(euro=9128405, cents=67) fail
Shrink #397: Euro(euro=9128405, cents=68) fail
Shrink #398: Euro(euro=9128405, cents=69) fail
Shrink #399: Euro(euro=9128405, cents=70) fail
Shrink #400: Euro(euro=9128405, cents=71) fail
Shrink #401: Euro(euro=9128405, cents=72) fail
Shrink #402: Euro(euro=9128405, cents=73) fail
Shrink #403: Euro(euro=9128405, cents=74) fail
Shrink #404: Euro(euro=9128405, cents=75) fail
Shrink #405: Euro(euro=9128405, cents=76) fail
Shrink #406: Euro(euro=9128405, cents=77) fail
Shrink #407: Euro(euro=9128405, cents=78) fail
Shrink #408: Euro(euro=9128405, cents=79) fail
Shrink #409: Euro(euro=9128405, cents=80) fail
Shrink #410: Euro(euro=9128405, cents=81) fail
Shrink #411: Euro(euro=9128405, cents=82) fail
Shrink #412: Euro(euro=9128405, cents=83) fail
Shrink #413: Euro(euro=9128405, cents=84) fail
Shrink #414: Euro(euro=9128405, cents=85) fail
Shrink #415: Euro(euro=9128405, cents=86) fail
Shrink #416: Euro(euro=9128405, cents=87) fail
Shrink #417: Euro(euro=9128405, cents=88) fail
Shrink #418: Euro(euro=9128405, cents=89) fail
Shrink #419: Euro(euro=9128405, cents=90) fail
Shrink #420: Euro(euro=9128405, cents=91) fail
Shrink #421: Euro(euro=9128405, cents=92) fail
Shrink #422: Euro(euro=9128405, cents=93) fail
Shrink #423: Euro(euro=9128405, cents=94) fail
Shrink #424: Euro(euro=9128405, cents=95) fail
Shrink #425: Euro(euro=9128405, cents=96) fail
Shrink #426: Euro(euro=9128405, cents=97) fail
Shrink #427: Euro(euro=9128405, cents=98) fail
Shrink #428: Euro(euro=9128405, cents=99) fail
Shrink #429: Euro(euro=9128406, cents=0) fail
Shrink #430: Euro(euro=9128406, cents=1) fail
Shrink #431: Euro(euro=9128406, cents=2) fail
Shrink #432: Euro(euro=9128406, cents=3) fail
Shrink #433: Euro(euro=9128406, cents=4) fail
Shrink #434: Euro(euro=9128406, cents=5) fail
Shrink #435: Euro(euro=9128406, cents=6) fail
Shrink #436: Euro(euro=9128406, cents=7) fail
Shrink #437: Euro(euro=9128406, cents=8) fail
Shrink #438: Euro(euro=9128406, cents=9) fail
Shrink #439: Euro(euro=9128406, cents=10) fail
Shrink #440: Euro(euro=9128406, cents=11) fail
Shrink #441: Euro(euro=9128406, cents=12) fail
Shrink #442: Euro(euro=9128406, cents=13) fail
Shrink #443: Euro(euro=9128406, cents=14) fail
Shrink #444: Euro(euro=9128406, cents=15) fail
Shrink #445: Euro(euro=9128406, cents=16) fail
Shrink #446: Euro(euro=9128406, cents=17) fail
Shrink #447: Euro(euro=9128406, cents=18) fail
Shrink #448: Euro(euro=9128406, cents=19) fail
Shrink #449: Euro(euro=9128406, cents=20) fail
Shrink #450: Euro(euro=9128406, cents=21) fail
Shrink #451: Euro(euro=9128406, cents=22) fail
Shrink #452: Euro(euro=9128406, cents=23) fail
Shrink #453: Euro(euro=9128406, cents=24) fail
Shrink #454: Euro(euro=9128406, cents=25) fail
Shrink #455: Euro(euro=9128406, cents=26) fail
Shrink #456: Euro(euro=9128406, cents=27) fail
Shrink #457: Euro(euro=9128406, cents=28) fail
Shrink #458: Euro(euro=9128406, cents=29) fail
Shrink #459: Euro(euro=9128406, cents=30) fail
Shrink #460: Euro(euro=9128406, cents=31) fail
Shrink #461: Euro(euro=9128406, cents=32) fail
Shrink #462: Euro(euro=9128406, cents=33) fail
Shrink #463: Euro(euro=9128406, cents=34) fail
Shrink #464: Euro(euro=9128406, cents=35) fail
Shrink #465: Euro(euro=9128406, cents=36) fail
Shrink #466: Euro(euro=9128406, cents=37) fail
Shrink #467: Euro(euro=9128406, cents=38) fail
Shrink #468: Euro(euro=9128406, cents=39) fail
Shrink #469: Euro(euro=9128406, cents=40) fail
Shrink #470: Euro(euro=9128406, cents=41) fail
Shrink #471: Euro(euro=9128406, cents=42) fail
Shrink #472: Euro(euro=9128406, cents=43) fail
Shrink #473: Euro(euro=9128406, cents=44) fail
Shrink #474: Euro(euro=9128406, cents=45) fail
Shrink #475: Euro(euro=9128406, cents=46) fail
Shrink #476: Euro(euro=9128406, cents=47) fail
Shrink #477: Euro(euro=9128406, cents=48) fail
Shrink #478: Euro(euro=9128406, cents=49) fail
Shrink #479: Euro(euro=9128406, cents=50) fail
Shrink #480: Euro(euro=9128406, cents=51) fail
Shrink #481: Euro(euro=9128406, cents=52) fail
Shrink #482: Euro(euro=9128406, cents=53) fail
Shrink #483: Euro(euro=9128406, cents=54) fail
Shrink #484: Euro(euro=9128406, cents=55) fail
Shrink #485: Euro(euro=9128406, cents=56) fail
Shrink #486: Euro(euro=9128406, cents=57) fail
Shrink #487: Euro(euro=9128406, cents=58) fail
Shrink #488: Euro(euro=9128406, cents=59) fail
Shrink #489: Euro(euro=9128406, cents=60) fail
Shrink #490: Euro(euro=9128406, cents=61) fail
Shrink #491: Euro(euro=9128406, cents=62) fail
Shrink #492: Euro(euro=9128406, cents=63) fail
Shrink #493: Euro(euro=9128406, cents=64) fail
Shrink #494: Euro(euro=9128406, cents=65) fail
Shrink #495: Euro(euro=9128406, cents=66) fail
Shrink #496: Euro(euro=9128406, cents=67) fail
Shrink #497: Euro(euro=9128406, cents=68) fail
Shrink #498: Euro(euro=9128406, cents=69) fail
Shrink #499: Euro(euro=9128406, cents=70) fail
Shrink #500: Euro(euro=9128406, cents=71) fail
Shrink #501: Euro(euro=9128406, cents=72) fail
Shrink #502: Euro(euro=9128406, cents=73) fail
Shrink #503: Euro(euro=9128406, cents=74) fail
Shrink #504: Euro(euro=9128406, cents=75) fail
Shrink #505: Euro(euro=9128406, cents=76) fail
Shrink #506: Euro(euro=9128406, cents=77) fail
Shrink #507: Euro(euro=9128406, cents=78) fail
Shrink #508: Euro(euro=9128406, cents=79) fail
Shrink #509: Euro(euro=9128406, cents=80) fail
Shrink #510: Euro(euro=9128406, cents=81) fail
Shrink #511: Euro(euro=9128406, cents=82) fail
Shrink #512: Euro(euro=9128406, cents=83) fail
Shrink #513: Euro(euro=9128406, cents=84) fail
Shrink #514: Euro(euro=9128406, cents=85) fail
Shrink #515: Euro(euro=9128406, cents=86) fail
Shrink #516: Euro(euro=9128406, cents=87) fail
Shrink #517: Euro(euro=9128406, cents=88) fail
Shrink #518: Euro(euro=9128406, cents=89) fail
Shrink #519: Euro(euro=9128406, cents=90) fail
Shrink #520: Euro(euro=9128406, cents=91) fail
Shrink #521: Euro(euro=9128406, cents=92) fail
Shrink #522: Euro(euro=9128406, cents=93) fail
Shrink #523: Euro(euro=9128406, cents=94) fail
Shrink #524: Euro(euro=9128406, cents=95) fail
Shrink #525: Euro(euro=9128406, cents=96) fail
Shrink #526: Euro(euro=9128406, cents=97) fail
Shrink #527: Euro(euro=9128406, cents=98) fail
Shrink #528: Euro(euro=9128406, cents=99) fail
Shrink #529: Euro(euro=9128407, cents=0) fail
Shrink #530: Euro(euro=9128407, cents=1) fail
Shrink #531: Euro(euro=9128407, cents=2) fail
Shrink #532: Euro(euro=9128407, cents=3) fail
Shrink #533: Euro(euro=9128407, cents=4) fail
Shrink #534: Euro(euro=9128407, cents=5) fail
Shrink #535: Euro(euro=9128407, cents=6) fail
Shrink #536: Euro(euro=9128407, cents=7) fail
Shrink #537: Euro(euro=9128407, cents=8) fail
Shrink #538: Euro(euro=9128407, cents=9) fail
Shrink #539: Euro(euro=9128407, cents=10) fail
Shrink #540: Euro(euro=9128407, cents=11) fail
Shrink #541: Euro(euro=9128407, cents=12) fail
Shrink #542: Euro(euro=9128407, cents=13) fail
Shrink #543: Euro(euro=9128407, cents=14) fail
Shrink #544: Euro(euro=9128407, cents=15) fail
Shrink #545: Euro(euro=9128407, cents=16) fail
Shrink #546: Euro(euro=9128407, cents=17) fail
Shrink #547: Euro(euro=9128407, cents=18) fail
Shrink #548: Euro(euro=9128407, cents=19) fail
Shrink #549: Euro(euro=9128407, cents=20) fail
Shrink #550: Euro(euro=9128407, cents=21) fail
Shrink #551: Euro(euro=9128407, cents=22) fail
Shrink #552: Euro(euro=9128407, cents=23) fail
Shrink #553: Euro(euro=9128407, cents=24) fail
Shrink #554: Euro(euro=9128407, cents=25) fail
Shrink #555: Euro(euro=9128407, cents=26) fail
Shrink #556: Euro(euro=9128407, cents=27) fail
Shrink #557: Euro(euro=9128407, cents=28) fail
Shrink #558: Euro(euro=9128407, cents=29) fail
Shrink #559: Euro(euro=9128407, cents=30) fail
Shrink #560: Euro(euro=9128407, cents=31) fail
Shrink #561: Euro(euro=9128407, cents=32) fail
Shrink #562: Euro(euro=9128407, cents=33) fail
Shrink #563: Euro(euro=9128407, cents=34) fail
Shrink #564: Euro(euro=9128407, cents=35) fail
Shrink #565: Euro(euro=9128407, cents=36) fail
Shrink #566: Euro(euro=9128407, cents=37) fail
Shrink #567: Euro(euro=9128407, cents=38) fail
Shrink #568: Euro(euro=9128407, cents=39) fail
Shrink #569: Euro(euro=9128407, cents=40) fail
Shrink #570: Euro(euro=9128407, cents=41) fail
Shrink #571: Euro(euro=9128407, cents=42) fail
Shrink #572: Euro(euro=9128407, cents=43) fail
Shrink #573: Euro(euro=9128407, cents=44) fail
Shrink #574: Euro(euro=9128407, cents=45) fail
Shrink #575: Euro(euro=9128407, cents=46) fail
Shrink #576: Euro(euro=9128407, cents=47) fail
Shrink #577: Euro(euro=9128407, cents=48) fail
Shrink #578: Euro(euro=9128407, cents=49) fail
Shrink #579: Euro(euro=9128407, cents=50) fail
Shrink #580: Euro(euro=9128407, cents=51) fail
Shrink #581: Euro(euro=9128407, cents=52) fail
Shrink #582: Euro(euro=9128407, cents=53) fail
Shrink #583: Euro(euro=9128407, cents=54) fail
Shrink #584: Euro(euro=9128407, cents=55) fail
Shrink #585: Euro(euro=9128407, cents=56) fail
Shrink #586: Euro(euro=9128407, cents=57) fail
Shrink #587: Euro(euro=9128407, cents=58) fail
Shrink #588: Euro(euro=9128407, cents=59) fail
Shrink #589: Euro(euro=9128407, cents=60) fail
Shrink #590: Euro(euro=9128407, cents=61) fail
Shrink #591: Euro(euro=9128407, cents=62) fail
Shrink #592: Euro(euro=9128407, cents=63) fail
Shrink #593: Euro(euro=9128407, cents=64) fail
Shrink #594: Euro(euro=9128407, cents=65) fail
Shrink #595: Euro(euro=9128407, cents=66) fail
Shrink #596: Euro(euro=9128407, cents=67) fail
Shrink #597: Euro(euro=9128407, cents=68) fail
Shrink #598: Euro(euro=9128407, cents=69) fail
Shrink #599: Euro(euro=9128407, cents=70) fail
Shrink #600: Euro(euro=9128407, cents=71) fail
Shrink #601: Euro(euro=9128407, cents=72) fail
Shrink #602: Euro(euro=9128407, cents=73) fail
Shrink #603: Euro(euro=9128407, cents=74) fail
Shrink #604: Euro(euro=9128407, cents=75) fail
Shrink #605: Euro(euro=9128407, cents=76) fail
Shrink #606: Euro(euro=9128407, cents=77) fail
Shrink #607: Euro(euro=9128407, cents=78) fail
Shrink #608: Euro(euro=9128407, cents=79) fail
Shrink #609: Euro(euro=9128407, cents=80) fail
Shrink #610: Euro(euro=9128407, cents=81) fail
Shrink #611: Euro(euro=9128407, cents=82) fail
Shrink #612: Euro(euro=9128407, cents=83) fail
Shrink #613: Euro(euro=9128407, cents=84) fail
Shrink #614: Euro(euro=9128407, cents=85) fail
Shrink #615: Euro(euro=9128407, cents=86) fail
Shrink #616: Euro(euro=9128407, cents=87) fail
Shrink #617: Euro(euro=9128407, cents=88) fail
Shrink #618: Euro(euro=9128407, cents=89) fail
Shrink #619: Euro(euro=9128407, cents=90) fail
Shrink #620: Euro(euro=9128407, cents=91) fail
Shrink #621: Euro(euro=9128407, cents=92) fail
Shrink #622: Euro(euro=9128407, cents=93) fail
Shrink #623: Euro(euro=9128407, cents=94) fail
Shrink #624: Euro(euro=9128407, cents=95) fail
Shrink #625: Euro(euro=9128407, cents=96) fail
Shrink #626: Euro(euro=9128407, cents=97) fail
Shrink #627: Euro(euro=9128407, cents=98) fail
Shrink #628: Euro(euro=9128407, cents=99) fail
Shrink #629: Euro(euro=9128408, cents=0) fail
Shrink #630: Euro(euro=9128408, cents=1) fail
Shrink #631: Euro(euro=9128408, cents=2) fail
Shrink #632: Euro(euro=9128408, cents=3) fail
Shrink #633: Euro(euro=9128408, cents=4) fail
Shrink #634: Euro(euro=9128408, cents=5) fail
Shrink #635: Euro(euro=9128408, cents=6) fail
Shrink #636: Euro(euro=9128408, cents=7) fail
Shrink #637: Euro(euro=9128408, cents=8) fail
Shrink #638: Euro(euro=9128408, cents=9) fail
Shrink #639: Euro(euro=9128408, cents=10) fail
Shrink #640: Euro(euro=9128408, cents=11) fail
Shrink #641: Euro(euro=9128408, cents=12) fail
Shrink #642: Euro(euro=9128408, cents=13) fail
Shrink #643: Euro(euro=9128408, cents=14) fail
Shrink #644: Euro(euro=9128408, cents=15) fail
Shrink #645: Euro(euro=9128408, cents=16) fail
Shrink #646: Euro(euro=9128408, cents=17) fail
Shrink #647: Euro(euro=9128408, cents=18) fail
Shrink #648: Euro(euro=9128408, cents=19) fail
Shrink #649: Euro(euro=9128408, cents=20) fail
Shrink #650: Euro(euro=9128408, cents=21) fail
Shrink #651: Euro(euro=9128408, cents=22) fail
Shrink #652: Euro(euro=9128408, cents=23) fail
Shrink #653: Euro(euro=9128408, cents=24) fail
Shrink #654: Euro(euro=9128408, cents=25) fail
Shrink #655: Euro(euro=9128408, cents=26) fail
Shrink #656: Euro(euro=9128408, cents=27) fail
Shrink #657: Euro(euro=9128408, cents=28) fail
Shrink #658: Euro(euro=9128408, cents=29) fail
Shrink #659: Euro(euro=9128408, cents=30) fail
Shrink #660: Euro(euro=9128408, cents=31) fail
Shrink #661: Euro(euro=9128408, cents=32) fail
Shrink #662: Euro(euro=9128408, cents=33) fail
Shrink #663: Euro(euro=9128408, cents=34) fail
Shrink #664: Euro(euro=9128408, cents=35) fail
Shrink #665: Euro(euro=9128408, cents=36) fail
Shrink #666: Euro(euro=9128408, cents=37) fail
Shrink #667: Euro(euro=9128408, cents=38) fail
Shrink #668: Euro(euro=9128408, cents=39) fail
Shrink #669: Euro(euro=9128408, cents=40) fail
Shrink #670: Euro(euro=9128408, cents=41) fail
Shrink #671: Euro(euro=9128408, cents=42) fail
Shrink #672: Euro(euro=9128408, cents=43) fail
Shrink #673: Euro(euro=9128408, cents=44) fail
Shrink #674: Euro(euro=9128408, cents=45) fail
Shrink #675: Euro(euro=9128408, cents=46) fail
Shrink #676: Euro(euro=9128408, cents=47) fail
Shrink #677: Euro(euro=9128408, cents=48) fail
Shrink #678: Euro(euro=9128408, cents=49) fail
Shrink #679: Euro(euro=9128408, cents=50) fail
Shrink #680: Euro(euro=9128408, cents=51) fail
Shrink #681: Euro(euro=9128408, cents=52) fail
Shrink #682: Euro(euro=9128408, cents=53) fail
Shrink #683: Euro(euro=9128408, cents=54) fail
Shrink #684: Euro(euro=9128408, cents=55) fail
Shrink #685: Euro(euro=9128408, cents=56) fail
Shrink #686: Euro(euro=9128408, cents=57) fail
Shrink #687: Euro(euro=9128408, cents=58) fail
Shrink #688: Euro(euro=9128408, cents=59) fail
Shrink #689: Euro(euro=9128408, cents=60) fail
Shrink #690: Euro(euro=9128408, cents=61) fail
Shrink #691: Euro(euro=9128408, cents=62) fail
Shrink #692: Euro(euro=9128408, cents=63) fail
Shrink #693: Euro(euro=9128408, cents=64) fail
Shrink #694: Euro(euro=9128408, cents=65) fail
Shrink #695: Euro(euro=9128408, cents=66) fail
Shrink #696: Euro(euro=9128408, cents=67) fail
Shrink #697: Euro(euro=9128408, cents=68) fail
Shrink #698: Euro(euro=9128408, cents=69) fail
Shrink #699: Euro(euro=9128408, cents=70) fail
Shrink #700: Euro(euro=9128408, cents=71) fail
Shrink #701: Euro(euro=9128408, cents=72) fail
Shrink #702: Euro(euro=9128408, cents=73) fail
Shrink #703: Euro(euro=9128408, cents=74) fail
Shrink #704: Euro(euro=9128408, cents=75) fail
Shrink #705: Euro(euro=9128408, cents=76) fail
Shrink #706: Euro(euro=9128408, cents=77) fail
Shrink #707: Euro(euro=9128408, cents=78) fail
Shrink #708: Euro(euro=9128408, cents=79) fail
Shrink #709: Euro(euro=9128408, cents=80) fail
Shrink #710: Euro(euro=9128408, cents=81) fail
Shrink #711: Euro(euro=9128408, cents=82) fail
Shrink #712: Euro(euro=9128408, cents=83) fail
Shrink #713: Euro(euro=9128408, cents=84) fail
Shrink #714: Euro(euro=9128408, cents=85) fail
Shrink #715: Euro(euro=9128408, cents=86) fail
Shrink #716: Euro(euro=9128408, cents=87) fail
Shrink #717: Euro(euro=9128408, cents=88) fail
Shrink #718: Euro(euro=9128408, cents=89) fail
Shrink #719: Euro(euro=9128408, cents=90) fail
Shrink #720: Euro(euro=9128408, cents=91) fail
Shrink #721: Euro(euro=9128408, cents=92) fail
Shrink #722: Euro(euro=9128408, cents=93) fail
Shrink #723: Euro(euro=9128408, cents=94) fail
Shrink #724: Euro(euro=9128408, cents=95) fail
Shrink #725: Euro(euro=9128408, cents=96) fail
Shrink #726: Euro(euro=9128408, cents=97) fail
Shrink #727: Euro(euro=9128408, cents=98) fail
Shrink #728: Euro(euro=9128408, cents=99) fail
Shrink #729: Euro(euro=9128409, cents=0) fail
Shrink #730: Euro(euro=9128409, cents=1) fail
Shrink #731: Euro(euro=9128409, cents=2) fail
Shrink #732: Euro(euro=9128409, cents=3) fail
Shrink #733: Euro(euro=9128409, cents=4) fail
Shrink #734: Euro(euro=9128409, cents=5) fail
Shrink #735: Euro(euro=9128409, cents=6) fail
Shrink #736: Euro(euro=9128409, cents=7) fail
Shrink #737: Euro(euro=9128409, cents=8) fail
Shrink #738: Euro(euro=9128409, cents=9) fail
Shrink #739: Euro(euro=9128409, cents=10) fail
Shrink #740: Euro(euro=9128409, cents=11) fail
Shrink #741: Euro(euro=9128409, cents=12) fail
Shrink #742: Euro(euro=9128409, cents=13) fail
Shrink #743: Euro(euro=9128409, cents=14) fail
Shrink #744: Euro(euro=9128409, cents=15) fail
Shrink #745: Euro(euro=9128409, cents=16) fail
Shrink #746: Euro(euro=9128409, cents=17) fail
Shrink #747: Euro(euro=9128409, cents=18) fail
Shrink #748: Euro(euro=9128409, cents=19) fail
Shrink #749: Euro(euro=9128409, cents=20) fail
Shrink #750: Euro(euro=9128409, cents=21) fail
Shrink #751: Euro(euro=9128409, cents=22) fail
Shrink #752: Euro(euro=9128409, cents=23) fail
Shrink #753: Euro(euro=9128409, cents=24) fail
Shrink #754: Euro(euro=9128409, cents=25) fail
Shrink #755: Euro(euro=9128409, cents=26) fail
Shrink #756: Euro(euro=9128409, cents=27) fail
Shrink #757: Euro(euro=9128409, cents=28) fail
Shrink #758: Euro(euro=9128409, cents=29) fail
Shrink #759: Euro(euro=9128409, cents=30) fail
Shrink #760: Euro(euro=9128409, cents=31) fail
Shrink #761: Euro(euro=9128409, cents=32) fail
Shrink #762: Euro(euro=9128409, cents=33) fail
Shrink #763: Euro(euro=9128409, cents=34) fail
Shrink #764: Euro(euro=9128409, cents=35) fail
Shrink #765: Euro(euro=9128409, cents=36) fail
Shrink #766: Euro(euro=9128409, cents=37) fail
Shrink #767: Euro(euro=9128409, cents=38) fail
Shrink #768: Euro(euro=9128409, cents=39) fail
Shrink #769: Euro(euro=9128409, cents=40) fail
Shrink #770: Euro(euro=9128409, cents=41) fail
Shrink #771: Euro(euro=9128409, cents=42) fail
Shrink #772: Euro(euro=9128409, cents=43) fail
Shrink #773: Euro(euro=9128409, cents=44) fail
Shrink #774: Euro(euro=9128409, cents=45) fail
Shrink #775: Euro(euro=9128409, cents=46) fail
Shrink #776: Euro(euro=9128409, cents=47) fail
Shrink #777: Euro(euro=9128409, cents=48) fail
Shrink #778: Euro(euro=9128409, cents=49) fail
Shrink #779: Euro(euro=9128409, cents=50) fail
Shrink #780: Euro(euro=9128409, cents=51) fail
Shrink #781: Euro(euro=9128409, cents=52) fail
Shrink #782: Euro(euro=9128409, cents=53) fail
Shrink #783: Euro(euro=9128409, cents=54) fail
Shrink #784: Euro(euro=9128409, cents=55) fail
Shrink #785: Euro(euro=9128409, cents=56) fail
Shrink #786: Euro(euro=9128409, cents=57) fail
Shrink #787: Euro(euro=9128409, cents=58) fail
Shrink #788: Euro(euro=9128409, cents=59) fail
Shrink #789: Euro(euro=9128409, cents=60) fail
Shrink #790: Euro(euro=9128409, cents=61) fail
Shrink #791: Euro(euro=9128409, cents=62) fail
Shrink #792: Euro(euro=9128409, cents=63) fail
Shrink #793: Euro(euro=9128409, cents=64) fail
Shrink #794: Euro(euro=9128409, cents=65) fail
Shrink #795: Euro(euro=9128409, cents=66) fail
Shrink #796: Euro(euro=9128409, cents=67) fail
Shrink #797: Euro(euro=9128409, cents=68) fail
Shrink #798: Euro(euro=9128409, cents=69) fail
Shrink #799: Euro(euro=9128409, cents=70) fail
Shrink #800: Euro(euro=9128409, cents=71) fail
Shrink #801: Euro(euro=9128409, cents=72) fail
Shrink #802: Euro(euro=9128409, cents=73) fail
Shrink #803: Euro(euro=9128409, cents=74) fail
Shrink #804: Euro(euro=9128409, cents=75) fail
Shrink #805: Euro(euro=9128409, cents=76) fail
Shrink #806: Euro(euro=9128409, cents=77) fail
Shrink #807: Euro(euro=9128409, cents=78) fail
Shrink #808: Euro(euro=9128409, cents=79) fail
Shrink #809: Euro(euro=9128409, cents=80) fail
Shrink #810: Euro(euro=9128409, cents=81) fail
Shrink #811: Euro(euro=9128409, cents=82) fail
Shrink #812: Euro(euro=9128409, cents=83) fail
Shrink #813: Euro(euro=9128409, cents=84) fail
Shrink #814: Euro(euro=9128409, cents=85) fail
Shrink #815: Euro(euro=9128409, cents=86) fail
Shrink #816: Euro(euro=9128409, cents=87) fail
Shrink #817: Euro(euro=9128409, cents=88) fail
Shrink #818: Euro(euro=9128409, cents=89) fail
Shrink #819: Euro(euro=9128409, cents=90) fail
Shrink #820: Euro(euro=9128409, cents=91) fail
Shrink #821: Euro(euro=9128409, cents=92) fail
Shrink #822: Euro(euro=9128409, cents=93) fail
Shrink #823: Euro(euro=9128409, cents=94) fail
Shrink #824: Euro(euro=9128409, cents=95) fail
Shrink #825: Euro(euro=9128409, cents=96) fail
Shrink #826: Euro(euro=9128409, cents=97) fail
Shrink #827: Euro(euro=9128409, cents=98) fail
Shrink #828: Euro(euro=9128409, cents=99) fail
Shrink #829: Euro(euro=9128410, cents=0) fail
Shrink #830: Euro(euro=9128410, cents=1) fail
Shrink #831: Euro(euro=9128410, cents=2) fail
Shrink #832: Euro(euro=9128410, cents=3) fail
Shrink #833: Euro(euro=9128410, cents=4) fail
Shrink #834: Euro(euro=9128410, cents=5) fail
Shrink #835: Euro(euro=9128410, cents=6) fail
Shrink #836: Euro(euro=9128410, cents=7) fail
Shrink #837: Euro(euro=9128410, cents=8) fail
Shrink #838: Euro(euro=9128410, cents=9) fail
Shrink #839: Euro(euro=9128410, cents=10) fail
Shrink #840: Euro(euro=9128410, cents=11) fail
Shrink #841: Euro(euro=9128410, cents=12) fail
Shrink #842: Euro(euro=9128410, cents=13) fail
Shrink #843: Euro(euro=9128410, cents=14) fail
Shrink #844: Euro(euro=9128410, cents=15) fail
Shrink #845: Euro(euro=9128410, cents=16) fail
Shrink #846: Euro(euro=9128410, cents=17) fail
Shrink #847: Euro(euro=9128410, cents=18) fail
Shrink #848: Euro(euro=9128410, cents=19) fail
Shrink #849: Euro(euro=9128410, cents=20) fail
Shrink #850: Euro(euro=9128410, cents=21) fail
Shrink #851: Euro(euro=9128410, cents=22) fail
Shrink #852: Euro(euro=9128410, cents=23) fail
Shrink #853: Euro(euro=9128410, cents=24) fail
Shrink #854: Euro(euro=9128410, cents=25) fail
Shrink #855: Euro(euro=9128410, cents=26) fail
Shrink #856: Euro(euro=9128410, cents=27) fail
Shrink #857: Euro(euro=9128410, cents=28) fail
Shrink #858: Euro(euro=9128410, cents=29) fail
Shrink #859: Euro(euro=9128410, cents=30) fail
Shrink #860: Euro(euro=9128410, cents=31) fail
Shrink #861: Euro(euro=9128410, cents=32) fail
Shrink #862: Euro(euro=9128410, cents=33) fail
Shrink #863: Euro(euro=9128410, cents=34) fail
Shrink #864: Euro(euro=9128410, cents=35) fail
Shrink #865: Euro(euro=9128410, cents=36) fail
Shrink #866: Euro(euro=9128410, cents=37) fail
Shrink #867: Euro(euro=9128410, cents=38) fail
Shrink #868: Euro(euro=9128410, cents=39) fail
Shrink #869: Euro(euro=9128410, cents=40) fail
Shrink #870: Euro(euro=9128410, cents=41) fail
Shrink #871: Euro(euro=9128410, cents=42) fail
Shrink #872: Euro(euro=9128410, cents=43) fail
Shrink #873: Euro(euro=9128410, cents=44) fail
Shrink #874: Euro(euro=9128410, cents=45) fail
Shrink #875: Euro(euro=9128410, cents=46) fail
Shrink #876: Euro(euro=9128410, cents=47) fail
Shrink #877: Euro(euro=9128410, cents=48) fail
Shrink #878: Euro(euro=9128410, cents=49) fail
Shrink #879: Euro(euro=9128410, cents=50) fail
Shrink #880: Euro(euro=9128410, cents=51) fail
Shrink #881: Euro(euro=9128410, cents=52) fail
Shrink #882: Euro(euro=9128410, cents=53) fail
Shrink #883: Euro(euro=9128410, cents=54) fail
Shrink #884: Euro(euro=9128410, cents=55) fail
Shrink #885: Euro(euro=9128410, cents=56) fail
Shrink #886: Euro(euro=9128410, cents=57) fail
Shrink #887: Euro(euro=9128410, cents=58) fail
Shrink #888: Euro(euro=9128410, cents=59) fail
Shrink #889: Euro(euro=9128410, cents=60) fail
Shrink #890: Euro(euro=9128410, cents=61) fail
Shrink #891: Euro(euro=9128410, cents=62) fail
Shrink #892: Euro(euro=9128410, cents=63) fail
Shrink #893: Euro(euro=9128410, cents=64) fail
Shrink #894: Euro(euro=9128410, cents=65) fail
Shrink #895: Euro(euro=9128410, cents=66) fail
Shrink #896: Euro(euro=9128410, cents=67) fail
Shrink #897: Euro(euro=9128410, cents=68) fail
Shrink #898: Euro(euro=9128410, cents=69) fail
Shrink #899: Euro(euro=9128410, cents=70) fail
Shrink #900: Euro(euro=9128410, cents=71) fail
Shrink #901: Euro(euro=9128410, cents=72) fail
Shrink #902: Euro(euro=9128410, cents=73) fail
Shrink #903: Euro(euro=9128410, cents=74) fail
Shrink #904: Euro(euro=9128410, cents=75) fail
Shrink #905: Euro(euro=9128410, cents=76) fail
Shrink #906: Euro(euro=9128410, cents=77) fail
Shrink #907: Euro(euro=9128410, cents=78) fail
Shrink #908: Euro(euro=9128410, cents=79) fail
Shrink #909: Euro(euro=9128410, cents=80) fail
Shrink #910: Euro(euro=9128410, cents=81) fail
Shrink #911: Euro(euro=9128410, cents=82) fail
Shrink #912: Euro(euro=9128410, cents=83) fail
Shrink #913: Euro(euro=9128410, cents=84) fail
Shrink #914: Euro(euro=9128410, cents=85) fail
Shrink #915: Euro(euro=9128410, cents=86) fail
Shrink #916: Euro(euro=9128410, cents=87) fail
Shrink #917: Euro(euro=9128410, cents=88) fail
Shrink #918: Euro(euro=9128410, cents=89) fail
Shrink #919: Euro(euro=9128410, cents=90) fail
Shrink #920: Euro(euro=9128410, cents=91) fail
Shrink #921: Euro(euro=9128410, cents=92) fail
Shrink #922: Euro(euro=9128410, cents=93) fail
Shrink #923: Euro(euro=9128410, cents=94) fail
Shrink #924: Euro(euro=9128410, cents=95) fail
Shrink #925: Euro(euro=9128410, cents=96) fail
Shrink #926: Euro(euro=9128410, cents=97) fail
Shrink #927: Euro(euro=9128410, cents=98) fail
Shrink #928: Euro(euro=9128410, cents=99) fail
Shrink #929: Euro(euro=9128411, cents=0) fail
Shrink #930: Euro(euro=9128411, cents=1) fail
Shrink #931: Euro(euro=9128411, cents=2) fail
Shrink #932: Euro(euro=9128411, cents=3) fail
Shrink #933: Euro(euro=9128411, cents=4) fail
Shrink #934: Euro(euro=9128411, cents=5) fail
Shrink #935: Euro(euro=9128411, cents=6) fail
Shrink #936: Euro(euro=9128411, cents=7) fail
Shrink #937: Euro(euro=9128411, cents=8) fail
Shrink #938: Euro(euro=9128411, cents=9) fail
Shrink #939: Euro(euro=9128411, cents=10) fail
Shrink #940: Euro(euro=9128411, cents=11) fail
Shrink #941: Euro(euro=9128411, cents=12) fail
Shrink #942: Euro(euro=9128411, cents=13) fail
Shrink #943: Euro(euro=9128411, cents=14) fail
Shrink #944: Euro(euro=9128411, cents=15) fail
Shrink #945: Euro(euro=9128411, cents=16) fail
Shrink #946: Euro(euro=9128411, cents=17) fail
Shrink #947: Euro(euro=9128411, cents=18) fail
Shrink #948: Euro(euro=9128411, cents=19) fail
Shrink #949: Euro(euro=9128411, cents=20) fail
Shrink #950: Euro(euro=9128411, cents=21) fail
Shrink #951: Euro(euro=9128411, cents=22) fail
Shrink #952: Euro(euro=9128411, cents=23) fail
Shrink #953: Euro(euro=9128411, cents=24) fail
Shrink #954: Euro(euro=9128411, cents=25) fail
Shrink #955: Euro(euro=9128411, cents=26) fail
Shrink #956: Euro(euro=9128411, cents=27) fail
Shrink #957: Euro(euro=9128411, cents=28) fail
Shrink #958: Euro(euro=9128411, cents=29) fail
Shrink #959: Euro(euro=9128411, cents=30) fail
Shrink #960: Euro(euro=9128411, cents=31) fail
Shrink #961: Euro(euro=9128411, cents=32) fail
Shrink #962: Euro(euro=9128411, cents=33) fail
Shrink #963: Euro(euro=9128411, cents=34) fail
Shrink #964: Euro(euro=9128411, cents=35) fail
Shrink #965: Euro(euro=9128411, cents=36) fail
Shrink #966: Euro(euro=9128411, cents=37) fail
Shrink #967: Euro(euro=9128411, cents=38) fail
Shrink #968: Euro(euro=9128411, cents=39) fail
Shrink #969: Euro(euro=9128411, cents=40) fail
Shrink #970: Euro(euro=9128411, cents=41) fail
Shrink #971: Euro(euro=9128411, cents=42) fail
Shrink #972: Euro(euro=9128411, cents=43) fail
Shrink #973: Euro(euro=9128411, cents=44) fail
Shrink #974: Euro(euro=9128411, cents=45) fail
Shrink #975: Euro(euro=9128411, cents=46) fail
Shrink #976: Euro(euro=9128411, cents=47) fail
Shrink #977: Euro(euro=9128411, cents=48) fail
Shrink #978: Euro(euro=9128411, cents=49) fail
Shrink #979: Euro(euro=9128411, cents=50) fail
Shrink #980: Euro(euro=9128411, cents=51) fail
Shrink #981: Euro(euro=9128411, cents=52) fail
Shrink #982: Euro(euro=9128411, cents=53) fail
Shrink #983: Euro(euro=9128411, cents=54) fail
Shrink #984: Euro(euro=9128411, cents=55) fail
Shrink #985: Euro(euro=9128411, cents=56) fail
Shrink #986: Euro(euro=9128411, cents=57) fail
Shrink #987: Euro(euro=9128411, cents=58) fail
Shrink #988: Euro(euro=9128411, cents=59) fail
Shrink #989: Euro(euro=9128411, cents=60) fail
Shrink #990: Euro(euro=9128411, cents=61) fail
Shrink #991: Euro(euro=9128411, cents=62) fail
Shrink #992: Euro(euro=9128411, cents=63) fail
Shrink #993: Euro(euro=9128411, cents=64) fail
Shrink #994: Euro(euro=9128411, cents=65) fail
Shrink #995: Euro(euro=9128411, cents=66) fail
Shrink #996: Euro(euro=9128411, cents=67) fail
Shrink #997: Euro(euro=9128411, cents=68) fail
Shrink #998: Euro(euro=9128411, cents=69) fail
Shrink #999: Euro(euro=9128411, cents=70) fail
Shrink #1000: Euro(euro=9128411, cents=71) fail
Shrink result (after 1000 shrinks) =&gt; Euro(euro=9128411, cents=71)

Caused by java.lang.AssertionError: 912841171 should be equal to 794128747 at
	org.nljug.pbt.EuroPropertyBasedTest$1.invoke$shouldBe(EuroPropertyBasedTest.kt:13)
	org.nljug.pbt.EuroPropertyBasedTest$1.access$invoke$shouldBe(EuroPropertyBasedTest.kt:11)
	org.nljug.pbt.EuroPropertyBasedTest$1$3$1.invokeSuspend(EuroPropertyBasedTest.kt:48)
	org.nljug.pbt.EuroPropertyBasedTest$1$3$1.invoke(EuroPropertyBasedTest.kt)

</pre>
</span>
</div>
</div>
<div id="footer">
<p>
<div>
<label class="hidden" id="label-for-line-wrapping-toggle" for="line-wrapping-toggle">Wrap lines
<input id="line-wrapping-toggle" type="checkbox" autocomplete="off"/>
</label>
</div>Generated by 
<a href="http://www.gradle.org">Gradle 7.2</a> at 17 Jun 2022, 14:28:56</p>
</div>
</div>
</body>
</html>
